<?xml version="1.0" encoding="UTF-8"?>
<robot generator="Robot 6.0.2 (Python 3.10.7 on win32)" generated="20230425 14:00:37.790" rpa="false" schemaversion="3">
<suite id="s1" name="Demoqa Sitecheck" source="D:\PycharmProjects\testing\project\demoqa\Test_cases\demoqa_sitecheck.robot">
<test id="s1-t1" name="Verify Test" line="18">
<kw name="Start Browser and Maximize" library="Commonkeywords">
<arg>${siteurl}</arg>
<arg>${browser}</arg>
<doc>This keyword is used for start browser and maximize its window</doc>
<kw name="Open Browser" library="SeleniumLibrary">
<arg>${siteurl}</arg>
<arg>${browser}</arg>
<doc>Opens a new browser instance to the optional ``url``.</doc>
<msg timestamp="20230425 14:00:38.517" level="INFO">Opening browser 'chrome' to base url 'https://demoqa.com/'.</msg>
<status status="PASS" starttime="20230425 14:00:38.517" endtime="20230425 14:00:54.739"/>
</kw>
<kw name="Maximize Browser Window" library="SeleniumLibrary">
<doc>Maximizes current browser window.</doc>
<status status="PASS" starttime="20230425 14:00:54.739" endtime="20230425 14:00:54.872"/>
</kw>
<kw name="Get Title" library="SeleniumLibrary">
<var>${Title}</var>
<doc>Returns the title of the current page.</doc>
<msg timestamp="20230425 14:00:54.877" level="INFO">${Title} = DEMOQA</msg>
<status status="PASS" starttime="20230425 14:00:54.872" endtime="20230425 14:00:54.877"/>
</kw>
<kw name="Log To Console" library="BuiltIn">
<arg>${Title}</arg>
<doc>Logs the given message to the console.</doc>
<status status="PASS" starttime="20230425 14:00:54.877" endtime="20230425 14:00:54.877"/>
</kw>
<kw name="Should Be Equal As Strings" library="BuiltIn">
<arg>${Title}</arg>
<arg>DEMOQA</arg>
<doc>Fails if objects are unequal after converting them to strings.</doc>
<status status="PASS" starttime="20230425 14:00:54.877" endtime="20230425 14:00:54.878"/>
</kw>
<status status="PASS" starttime="20230425 14:00:38.517" endtime="20230425 14:00:54.878"/>
</kw>
<kw name="Sleep" library="BuiltIn">
<arg>3s</arg>
<doc>Pauses the test executed for the given time.</doc>
<msg timestamp="20230425 14:00:57.879" level="INFO">Slept 3 seconds</msg>
<status status="PASS" starttime="20230425 14:00:54.878" endtime="20230425 14:00:57.879"/>
</kw>
<kw name="Start Page Should Contain" library="Sitetest_keywords">
<kw name="Get Location" library="SeleniumLibrary">
<var>${url}</var>
<doc>Returns the current browser window URL.</doc>
<msg timestamp="20230425 14:00:57.885" level="INFO">${url} = https://demoqa.com/</msg>
<status status="PASS" starttime="20230425 14:00:57.880" endtime="20230425 14:00:57.885"/>
</kw>
<kw name="Should Be Equal As Strings" library="BuiltIn">
<arg>${url}</arg>
<arg>https://demoqa.com/</arg>
<doc>Fails if objects are unequal after converting them to strings.</doc>
<status status="PASS" starttime="20230425 14:00:57.885" endtime="20230425 14:00:57.885"/>
</kw>
<kw name="Tools Image" library="Commonkeywords">
<doc>This keyword is used to verify Tools Image</doc>
<kw name="Sleep" library="BuiltIn">
<arg>3s</arg>
<doc>Pauses the test executed for the given time.</doc>
<msg timestamp="20230425 14:01:00.899" level="INFO">Slept 3 seconds</msg>
<status status="PASS" starttime="20230425 14:00:57.885" endtime="20230425 14:01:00.899"/>
</kw>
<kw name="Capture Element Screenshot" library="SeleniumLibrary">
<arg>${toolsimage_screenshot}</arg>
<doc>Captures a screenshot from the element identified by ``locator`` and embeds it into log file.</doc>
<msg timestamp="20230425 14:01:01.149" level="INFO" html="true">&lt;/td&gt;&lt;/tr&gt;&lt;tr&gt;&lt;td colspan="3"&gt;&lt;a href="selenium-element-screenshot-1116.png"&gt;&lt;img src="selenium-element-screenshot-1116.png" width="400px"&gt;&lt;/a&gt;</msg>
<status status="PASS" starttime="20230425 14:01:00.899" endtime="20230425 14:01:01.149"/>
</kw>
<kw name="Page Should Contain Element" library="SeleniumLibrary">
<arg>${tools_img}</arg>
<doc>Verifies that element ``locator`` is found on the current page.</doc>
<msg timestamp="20230425 14:01:01.159" level="INFO">Current page contains element 'xpath://img[@src='/images/Toolsqa.jpg']'.</msg>
<status status="PASS" starttime="20230425 14:01:01.150" endtime="20230425 14:01:01.159"/>
</kw>
<status status="PASS" starttime="20230425 14:00:57.885" endtime="20230425 14:01:01.159"/>
</kw>
<kw name="Capture Element Screenshot" library="SeleniumLibrary">
<arg>${banner_screenshot}</arg>
<doc>Captures a screenshot from the element identified by ``locator`` and embeds it into log file.</doc>
<msg timestamp="20230425 14:01:01.298" level="INFO" html="true">&lt;/td&gt;&lt;/tr&gt;&lt;tr&gt;&lt;td colspan="3"&gt;&lt;a href="selenium-element-screenshot-1117.png"&gt;&lt;img src="selenium-element-screenshot-1117.png" width="400px"&gt;&lt;/a&gt;</msg>
<status status="PASS" starttime="20230425 14:01:01.159" endtime="20230425 14:01:01.298"/>
</kw>
<kw name="Page Should Contain Element" library="SeleniumLibrary">
<arg>${banner_img}</arg>
<doc>Verifies that element ``locator`` is found on the current page.</doc>
<msg timestamp="20230425 14:01:01.308" level="INFO">Current page contains element 'xpath://div[@class='home-banner']/ a/ img[@src='/images/WB.svg' and @alt='Selenium Online Training']'.</msg>
<status status="PASS" starttime="20230425 14:01:01.298" endtime="20230425 14:01:01.308"/>
</kw>
<kw name="Get Count of Cards" library="Sitetest_keywords">
<kw name="Get Element Count" library="SeleniumLibrary">
<var>${card_count}</var>
<arg>${card_counts}</arg>
<doc>Returns the number of elements matching ``locator``.</doc>
<msg timestamp="20230425 14:01:01.318" level="INFO">${card_count} = 6</msg>
<status status="PASS" starttime="20230425 14:01:01.309" endtime="20230425 14:01:01.318"/>
</kw>
<kw name="Log To Console" library="BuiltIn">
<arg>${card_count}</arg>
<doc>Logs the given message to the console.</doc>
<status status="PASS" starttime="20230425 14:01:01.319" endtime="20230425 14:01:01.319"/>
</kw>
<for flavor="IN RANGE">
<var>${i}</var>
<value>1</value>
<value>${card_count}</value>
<iter>
<var name="${i}">1</var>
<kw name="Get Text" library="SeleniumLibrary">
<var>${card_text}</var>
<arg>xpath=(//div[@class='category-cards']/div)[${i}]</arg>
<doc>Returns the text value of the element identified by ``locator``.</doc>
<msg timestamp="20230425 14:01:01.342" level="INFO">${card_text} = Elements</msg>
<status status="PASS" starttime="20230425 14:01:01.319" endtime="20230425 14:01:01.342"/>
</kw>
<kw name="Log To Console" library="BuiltIn">
<arg>${card_text}</arg>
<doc>Logs the given message to the console.</doc>
<status status="PASS" starttime="20230425 14:01:01.342" endtime="20230425 14:01:01.342"/>
</kw>
<status status="PASS" starttime="20230425 14:01:01.319" endtime="20230425 14:01:01.342"/>
</iter>
<iter>
<var name="${i}">2</var>
<kw name="Get Text" library="SeleniumLibrary">
<var>${card_text}</var>
<arg>xpath=(//div[@class='category-cards']/div)[${i}]</arg>
<doc>Returns the text value of the element identified by ``locator``.</doc>
<msg timestamp="20230425 14:01:01.366" level="INFO">${card_text} = Forms</msg>
<status status="PASS" starttime="20230425 14:01:01.342" endtime="20230425 14:01:01.366"/>
</kw>
<kw name="Log To Console" library="BuiltIn">
<arg>${card_text}</arg>
<doc>Logs the given message to the console.</doc>
<status status="PASS" starttime="20230425 14:01:01.366" endtime="20230425 14:01:01.366"/>
</kw>
<status status="PASS" starttime="20230425 14:01:01.342" endtime="20230425 14:01:01.366"/>
</iter>
<iter>
<var name="${i}">3</var>
<kw name="Get Text" library="SeleniumLibrary">
<var>${card_text}</var>
<arg>xpath=(//div[@class='category-cards']/div)[${i}]</arg>
<doc>Returns the text value of the element identified by ``locator``.</doc>
<msg timestamp="20230425 14:01:01.389" level="INFO">${card_text} = Alerts, Frame &amp; Windows</msg>
<status status="PASS" starttime="20230425 14:01:01.367" endtime="20230425 14:01:01.389"/>
</kw>
<kw name="Log To Console" library="BuiltIn">
<arg>${card_text}</arg>
<doc>Logs the given message to the console.</doc>
<status status="PASS" starttime="20230425 14:01:01.389" endtime="20230425 14:01:01.389"/>
</kw>
<status status="PASS" starttime="20230425 14:01:01.366" endtime="20230425 14:01:01.390"/>
</iter>
<iter>
<var name="${i}">4</var>
<kw name="Get Text" library="SeleniumLibrary">
<var>${card_text}</var>
<arg>xpath=(//div[@class='category-cards']/div)[${i}]</arg>
<doc>Returns the text value of the element identified by ``locator``.</doc>
<msg timestamp="20230425 14:01:01.413" level="INFO">${card_text} = Widgets</msg>
<status status="PASS" starttime="20230425 14:01:01.390" endtime="20230425 14:01:01.413"/>
</kw>
<kw name="Log To Console" library="BuiltIn">
<arg>${card_text}</arg>
<doc>Logs the given message to the console.</doc>
<status status="PASS" starttime="20230425 14:01:01.413" endtime="20230425 14:01:01.413"/>
</kw>
<status status="PASS" starttime="20230425 14:01:01.390" endtime="20230425 14:01:01.413"/>
</iter>
<iter>
<var name="${i}">5</var>
<kw name="Get Text" library="SeleniumLibrary">
<var>${card_text}</var>
<arg>xpath=(//div[@class='category-cards']/div)[${i}]</arg>
<doc>Returns the text value of the element identified by ``locator``.</doc>
<msg timestamp="20230425 14:01:01.437" level="INFO">${card_text} = Interactions</msg>
<status status="PASS" starttime="20230425 14:01:01.413" endtime="20230425 14:01:01.437"/>
</kw>
<kw name="Log To Console" library="BuiltIn">
<arg>${card_text}</arg>
<doc>Logs the given message to the console.</doc>
<status status="PASS" starttime="20230425 14:01:01.437" endtime="20230425 14:01:01.437"/>
</kw>
<status status="PASS" starttime="20230425 14:01:01.413" endtime="20230425 14:01:01.437"/>
</iter>
<status status="PASS" starttime="20230425 14:01:01.319" endtime="20230425 14:01:01.437"/>
</for>
<status status="PASS" starttime="20230425 14:01:01.308" endtime="20230425 14:01:01.437"/>
</kw>
<kw name="Page Should Contain Element" library="SeleniumLibrary">
<arg>${elements_card}</arg>
<doc>Verifies that element ``locator`` is found on the current page.</doc>
<msg timestamp="20230425 14:01:01.447" level="INFO">Current page contains element 'xpath://div[@class='category-cards']/div[1]'.</msg>
<status status="PASS" starttime="20230425 14:01:01.437" endtime="20230425 14:01:01.447"/>
</kw>
<kw name="Page Should Contain Element" library="SeleniumLibrary">
<arg>${forms_card}</arg>
<doc>Verifies that element ``locator`` is found on the current page.</doc>
<msg timestamp="20230425 14:01:01.458" level="INFO">Current page contains element 'xpath://div[@class='category-cards']/div[2]'.</msg>
<status status="PASS" starttime="20230425 14:01:01.447" endtime="20230425 14:01:01.458"/>
</kw>
<kw name="Page Should Contain Element" library="SeleniumLibrary">
<arg>${alert_frame_windows_card}</arg>
<doc>Verifies that element ``locator`` is found on the current page.</doc>
<msg timestamp="20230425 14:01:01.467" level="INFO">Current page contains element 'xpath://div[@class='category-cards']/div[3]'.</msg>
<status status="PASS" starttime="20230425 14:01:01.458" endtime="20230425 14:01:01.467"/>
</kw>
<kw name="Page Should Contain Element" library="SeleniumLibrary">
<arg>${widgets_card}</arg>
<doc>Verifies that element ``locator`` is found on the current page.</doc>
<msg timestamp="20230425 14:01:01.477" level="INFO">Current page contains element 'xpath://div[@class='category-cards']/div[4]'.</msg>
<status status="PASS" starttime="20230425 14:01:01.467" endtime="20230425 14:01:01.477"/>
</kw>
<kw name="Page Should Contain Element" library="SeleniumLibrary">
<arg>${interactions_card}</arg>
<doc>Verifies that element ``locator`` is found on the current page.</doc>
<msg timestamp="20230425 14:01:01.487" level="INFO">Current page contains element 'xpath://div[@class='category-cards']/div[5]'.</msg>
<status status="PASS" starttime="20230425 14:01:01.477" endtime="20230425 14:01:01.487"/>
</kw>
<kw name="Page Should Contain Element" library="SeleniumLibrary">
<arg>${bookstore_card}</arg>
<doc>Verifies that element ``locator`` is found on the current page.</doc>
<msg timestamp="20230425 14:01:01.497" level="INFO">Current page contains element 'xpath://div[@class='category-cards']/div[6]'.</msg>
<status status="PASS" starttime="20230425 14:01:01.487" endtime="20230425 14:01:01.497"/>
</kw>
<kw name="Footer Data Contain" library="Commonkeywords">
<doc>This keyword is used to verify Footer Part Data</doc>
<kw name="Get Text" library="SeleniumLibrary">
<var>${footer_part}</var>
<arg>${txt_footer}</arg>
<doc>Returns the text value of the element identified by ``locator``.</doc>
<msg timestamp="20230425 14:01:01.518" level="INFO">${footer_part} = © 2013-2020 TOOLSQA.COM | ALL RIGHTS RESERVED.</msg>
<status status="PASS" starttime="20230425 14:01:01.497" endtime="20230425 14:01:01.520"/>
</kw>
<kw name="Should Be Equal As Strings" library="BuiltIn">
<arg>${footer_part}</arg>
<arg>© 2013-2020 TOOLSQA.COM | ALL RIGHTS RESERVED.</arg>
<doc>Fails if objects are unequal after converting them to strings.</doc>
<status status="PASS" starttime="20230425 14:01:01.520" endtime="20230425 14:01:01.520"/>
</kw>
<status status="PASS" starttime="20230425 14:01:01.497" endtime="20230425 14:01:01.520"/>
</kw>
<status status="PASS" starttime="20230425 14:00:57.879" endtime="20230425 14:01:01.520"/>
</kw>
<kw name="Close Browser" library="SeleniumLibrary">
<doc>Closes the current browser.</doc>
<status status="PASS" starttime="20230425 14:01:01.521" endtime="20230425 14:01:03.802"/>
</kw>
<kw name="Log" library="BuiltIn">
<arg>Successfully Completed Verify Test</arg>
<doc>Logs the given message with the given level.</doc>
<msg timestamp="20230425 14:01:03.804" level="INFO">Successfully Completed Verify Test</msg>
<status status="PASS" starttime="20230425 14:01:03.803" endtime="20230425 14:01:03.804"/>
</kw>
<doc>This Test Case is used to verify site contents</doc>
<tag>starttest</tag>
<status status="PASS" starttime="20230425 14:00:38.516" endtime="20230425 14:01:03.805"/>
</test>
<test id="s1-t2" name="Verify Elements Page Contains" line="27">
<kw name="Start Browser and Maximize" library="Commonkeywords">
<arg>${siteurl}</arg>
<arg>${browser}</arg>
<doc>This keyword is used for start browser and maximize its window</doc>
<kw name="Open Browser" library="SeleniumLibrary">
<arg>${siteurl}</arg>
<arg>${browser}</arg>
<doc>Opens a new browser instance to the optional ``url``.</doc>
<msg timestamp="20230425 14:01:03.809" level="INFO">Opening browser 'chrome' to base url 'https://demoqa.com/'.</msg>
<status status="PASS" starttime="20230425 14:01:03.809" endtime="20230425 14:01:10.311"/>
</kw>
<kw name="Maximize Browser Window" library="SeleniumLibrary">
<doc>Maximizes current browser window.</doc>
<status status="PASS" starttime="20230425 14:01:10.311" endtime="20230425 14:01:10.428"/>
</kw>
<kw name="Get Title" library="SeleniumLibrary">
<var>${Title}</var>
<doc>Returns the title of the current page.</doc>
<msg timestamp="20230425 14:01:10.432" level="INFO">${Title} = DEMOQA</msg>
<status status="PASS" starttime="20230425 14:01:10.428" endtime="20230425 14:01:10.432"/>
</kw>
<kw name="Log To Console" library="BuiltIn">
<arg>${Title}</arg>
<doc>Logs the given message to the console.</doc>
<status status="PASS" starttime="20230425 14:01:10.432" endtime="20230425 14:01:10.432"/>
</kw>
<kw name="Should Be Equal As Strings" library="BuiltIn">
<arg>${Title}</arg>
<arg>DEMOQA</arg>
<doc>Fails if objects are unequal after converting them to strings.</doc>
<status status="PASS" starttime="20230425 14:01:10.432" endtime="20230425 14:01:10.433"/>
</kw>
<status status="PASS" starttime="20230425 14:01:03.808" endtime="20230425 14:01:10.433"/>
</kw>
<kw name="Sleep" library="BuiltIn">
<arg>3s</arg>
<doc>Pauses the test executed for the given time.</doc>
<msg timestamp="20230425 14:01:13.437" level="INFO">Slept 3 seconds</msg>
<status status="PASS" starttime="20230425 14:01:10.433" endtime="20230425 14:01:13.437"/>
</kw>
<kw name="Click Element" library="SeleniumLibrary">
<arg>${elements_card}</arg>
<doc>Click the element identified by ``locator``.</doc>
<msg timestamp="20230425 14:01:13.438" level="INFO">Clicking element 'xpath://div[@class='category-cards']/div[1]'.</msg>
<status status="PASS" starttime="20230425 14:01:13.437" endtime="20230425 14:01:13.514"/>
</kw>
<kw name="Sleep" library="BuiltIn">
<arg>3s</arg>
<doc>Pauses the test executed for the given time.</doc>
<msg timestamp="20230425 14:01:16.519" level="INFO">Slept 3 seconds</msg>
<status status="PASS" starttime="20230425 14:01:13.515" endtime="20230425 14:01:16.519"/>
</kw>
<kw name="Verify Elements Page" library="Elements_keyword">
<kw name="Get Location" library="SeleniumLibrary">
<var>${url}</var>
<doc>Returns the current browser window URL.</doc>
<msg timestamp="20230425 14:01:16.523" level="INFO">${url} = https://demoqa.com/elements</msg>
<status status="PASS" starttime="20230425 14:01:16.520" endtime="20230425 14:01:16.523"/>
</kw>
<kw name="Should Be Equal As Strings" library="BuiltIn">
<arg>${url}</arg>
<arg>https://demoqa.com/elements</arg>
<doc>Fails if objects are unequal after converting them to strings.</doc>
<status status="PASS" starttime="20230425 14:01:16.523" endtime="20230425 14:01:16.524"/>
</kw>
<kw name="Verify Please Select Text" library="Commonkeywords">
<doc>This keyword is used to verify Page Text</doc>
<kw name="Sleep" library="BuiltIn">
<arg>3s</arg>
<doc>Pauses the test executed for the given time.</doc>
<msg timestamp="20230425 14:01:19.527" level="INFO">Slept 3 seconds</msg>
<status status="PASS" starttime="20230425 14:01:16.524" endtime="20230425 14:01:19.527"/>
</kw>
<kw name="Page Should Contain Element" library="SeleniumLibrary">
<arg>${select_text}</arg>
<doc>Verifies that element ``locator`` is found on the current page.</doc>
<msg timestamp="20230425 14:01:19.553" level="INFO">Current page contains element 'xpath://div[contains(text(),'Please select an item from left to start practice.')]'.</msg>
<status status="PASS" starttime="20230425 14:01:19.528" endtime="20230425 14:01:19.553"/>
</kw>
<status status="PASS" starttime="20230425 14:01:16.524" endtime="20230425 14:01:19.553"/>
</kw>
<kw name="Tools Image" library="Commonkeywords">
<doc>This keyword is used to verify Tools Image</doc>
<kw name="Sleep" library="BuiltIn">
<arg>3s</arg>
<doc>Pauses the test executed for the given time.</doc>
<msg timestamp="20230425 14:01:22.567" level="INFO">Slept 3 seconds</msg>
<status status="PASS" starttime="20230425 14:01:19.553" endtime="20230425 14:01:22.567"/>
</kw>
<kw name="Capture Element Screenshot" library="SeleniumLibrary">
<arg>${toolsimage_screenshot}</arg>
<doc>Captures a screenshot from the element identified by ``locator`` and embeds it into log file.</doc>
<msg timestamp="20230425 14:01:22.711" level="INFO" html="true">&lt;/td&gt;&lt;/tr&gt;&lt;tr&gt;&lt;td colspan="3"&gt;&lt;a href="selenium-element-screenshot-1118.png"&gt;&lt;img src="selenium-element-screenshot-1118.png" width="400px"&gt;&lt;/a&gt;</msg>
<status status="PASS" starttime="20230425 14:01:22.568" endtime="20230425 14:01:22.711"/>
</kw>
<kw name="Page Should Contain Element" library="SeleniumLibrary">
<arg>${tools_img}</arg>
<doc>Verifies that element ``locator`` is found on the current page.</doc>
<msg timestamp="20230425 14:01:22.719" level="INFO">Current page contains element 'xpath://img[@src='/images/Toolsqa.jpg']'.</msg>
<status status="PASS" starttime="20230425 14:01:22.711" endtime="20230425 14:01:22.719"/>
</kw>
<status status="PASS" starttime="20230425 14:01:19.553" endtime="20230425 14:01:22.719"/>
</kw>
<kw name="Get Text" library="SeleniumLibrary">
<var>${page_text_name}</var>
<arg>${page_text}</arg>
<doc>Returns the text value of the element identified by ``locator``.</doc>
<msg timestamp="20230425 14:01:22.741" level="INFO">${page_text_name} = Elements</msg>
<status status="PASS" starttime="20230425 14:01:22.719" endtime="20230425 14:01:22.741"/>
</kw>
<kw name="Log To Console" library="BuiltIn">
<arg>${page_text_name}</arg>
<arg>Elements</arg>
<doc>Logs the given message to the console.</doc>
<status status="PASS" starttime="20230425 14:01:22.741" endtime="20230425 14:01:22.741"/>
</kw>
<kw name="Verify NavbarItems" library="Commonkeywords">
<doc>This keyword is used to verify Navbar Items</doc>
<kw name="Sleep" library="BuiltIn">
<arg>3s</arg>
<doc>Pauses the test executed for the given time.</doc>
<msg timestamp="20230425 14:01:25.750" level="INFO">Slept 3 seconds</msg>
<status status="PASS" starttime="20230425 14:01:22.742" endtime="20230425 14:01:25.750"/>
</kw>
<kw name="Get Element Count" library="SeleniumLibrary">
<var>${nav_items}</var>
<arg>${navbar_items}</arg>
<doc>Returns the number of elements matching ``locator``.</doc>
<msg timestamp="20230425 14:01:25.760" level="INFO">${nav_items} = 6</msg>
<status status="PASS" starttime="20230425 14:01:25.750" endtime="20230425 14:01:25.760"/>
</kw>
<kw name="Log To Console" library="BuiltIn">
<arg>Nav Items Count:${nav_items}</arg>
<doc>Logs the given message to the console.</doc>
<status status="PASS" starttime="20230425 14:01:25.760" endtime="20230425 14:01:25.760"/>
</kw>
<for flavor="IN RANGE">
<var>${i}</var>
<value>1</value>
<value>${nav_items}</value>
<iter>
<var name="${i}">1</var>
<kw name="Get Text" library="SeleniumLibrary">
<var>${nav_text}</var>
<arg>xpath:(//div[@class='left-pannel']/div/div)[${i}]</arg>
<doc>Returns the text value of the element identified by ``locator``.</doc>
<msg timestamp="20230425 14:01:25.790" level="INFO">${nav_text} = Elements
 Text Box
Check Box
Radio Button
Web Tables
Buttons
Links
Broken Links - Images
Upload and Download
Dynamic Properties</msg>
<status status="PASS" starttime="20230425 14:01:25.761" endtime="20230425 14:01:25.790"/>
</kw>
<kw name="Log To Console" library="BuiltIn">
<arg>The NavBar are: ${nav_text}</arg>
<doc>Logs the given message to the console.</doc>
<status status="PASS" starttime="20230425 14:01:25.791" endtime="20230425 14:01:25.791"/>
</kw>
<status status="PASS" starttime="20230425 14:01:25.761" endtime="20230425 14:01:25.791"/>
</iter>
<iter>
<var name="${i}">2</var>
<kw name="Get Text" library="SeleniumLibrary">
<var>${nav_text}</var>
<arg>xpath:(//div[@class='left-pannel']/div/div)[${i}]</arg>
<doc>Returns the text value of the element identified by ``locator``.</doc>
<msg timestamp="20230425 14:01:25.815" level="INFO">${nav_text} = Forms
 </msg>
<status status="PASS" starttime="20230425 14:01:25.791" endtime="20230425 14:01:25.815"/>
</kw>
<kw name="Log To Console" library="BuiltIn">
<arg>The NavBar are: ${nav_text}</arg>
<doc>Logs the given message to the console.</doc>
<status status="PASS" starttime="20230425 14:01:25.815" endtime="20230425 14:01:25.815"/>
</kw>
<status status="PASS" starttime="20230425 14:01:25.791" endtime="20230425 14:01:25.815"/>
</iter>
<iter>
<var name="${i}">3</var>
<kw name="Get Text" library="SeleniumLibrary">
<var>${nav_text}</var>
<arg>xpath:(//div[@class='left-pannel']/div/div)[${i}]</arg>
<doc>Returns the text value of the element identified by ``locator``.</doc>
<msg timestamp="20230425 14:01:25.839" level="INFO">${nav_text} = Alerts, Frame &amp; Windows
 </msg>
<status status="PASS" starttime="20230425 14:01:25.815" endtime="20230425 14:01:25.839"/>
</kw>
<kw name="Log To Console" library="BuiltIn">
<arg>The NavBar are: ${nav_text}</arg>
<doc>Logs the given message to the console.</doc>
<status status="PASS" starttime="20230425 14:01:25.839" endtime="20230425 14:01:25.840"/>
</kw>
<status status="PASS" starttime="20230425 14:01:25.815" endtime="20230425 14:01:25.840"/>
</iter>
<iter>
<var name="${i}">4</var>
<kw name="Get Text" library="SeleniumLibrary">
<var>${nav_text}</var>
<arg>xpath:(//div[@class='left-pannel']/div/div)[${i}]</arg>
<doc>Returns the text value of the element identified by ``locator``.</doc>
<msg timestamp="20230425 14:01:25.867" level="INFO">${nav_text} = Widgets
 </msg>
<status status="PASS" starttime="20230425 14:01:25.840" endtime="20230425 14:01:25.867"/>
</kw>
<kw name="Log To Console" library="BuiltIn">
<arg>The NavBar are: ${nav_text}</arg>
<doc>Logs the given message to the console.</doc>
<status status="PASS" starttime="20230425 14:01:25.867" endtime="20230425 14:01:25.868"/>
</kw>
<status status="PASS" starttime="20230425 14:01:25.840" endtime="20230425 14:01:25.868"/>
</iter>
<iter>
<var name="${i}">5</var>
<kw name="Get Text" library="SeleniumLibrary">
<var>${nav_text}</var>
<arg>xpath:(//div[@class='left-pannel']/div/div)[${i}]</arg>
<doc>Returns the text value of the element identified by ``locator``.</doc>
<msg timestamp="20230425 14:01:25.894" level="INFO">${nav_text} = Interactions
 </msg>
<status status="PASS" starttime="20230425 14:01:25.868" endtime="20230425 14:01:25.894"/>
</kw>
<kw name="Log To Console" library="BuiltIn">
<arg>The NavBar are: ${nav_text}</arg>
<doc>Logs the given message to the console.</doc>
<status status="PASS" starttime="20230425 14:01:25.894" endtime="20230425 14:01:25.895"/>
</kw>
<status status="PASS" starttime="20230425 14:01:25.868" endtime="20230425 14:01:25.895"/>
</iter>
<status status="PASS" starttime="20230425 14:01:25.760" endtime="20230425 14:01:25.895"/>
</for>
<status status="PASS" starttime="20230425 14:01:22.742" endtime="20230425 14:01:25.895"/>
</kw>
<kw name="Verify page Navbar Items" library="Commonkeywords">
<doc>This keyword is used to verify Page Navbar Items</doc>
<kw name="Sleep" library="BuiltIn">
<arg>3s</arg>
<doc>Pauses the test executed for the given time.</doc>
<msg timestamp="20230425 14:01:28.909" level="INFO">Slept 3 seconds</msg>
<status status="PASS" starttime="20230425 14:01:25.895" endtime="20230425 14:01:28.909"/>
</kw>
<kw name="Get Element Count" library="SeleniumLibrary">
<var>${pages_nav_items}</var>
<arg>${page_nav_items}</arg>
<doc>Returns the number of elements matching ``locator``.</doc>
<msg timestamp="20230425 14:01:28.931" level="INFO">${pages_nav_items} = 9</msg>
<status status="PASS" starttime="20230425 14:01:28.909" endtime="20230425 14:01:28.931"/>
</kw>
<kw name="Log To Console" library="BuiltIn">
<arg>Sub Nav Items Count:${pages_nav_items}</arg>
<doc>Logs the given message to the console.</doc>
<status status="PASS" starttime="20230425 14:01:28.932" endtime="20230425 14:01:28.932"/>
</kw>
<for flavor="IN RANGE">
<var>${i}</var>
<value>1</value>
<value>${pages_nav_items}</value>
<iter>
<var name="${i}">1</var>
<kw name="Get Text" library="SeleniumLibrary">
<var>${nav_text}</var>
<arg>xpath:(//div[@class='element-list collapse show']/ul/li)[${i}]</arg>
<doc>Returns the text value of the element identified by ``locator``.</doc>
<msg timestamp="20230425 14:01:28.969" level="INFO">${nav_text} = Text Box</msg>
<status status="PASS" starttime="20230425 14:01:28.933" endtime="20230425 14:01:28.969"/>
</kw>
<kw name="Log To Console" library="BuiltIn">
<arg>The NavBar Contains: ${nav_text}</arg>
<doc>Logs the given message to the console.</doc>
<status status="PASS" starttime="20230425 14:01:28.970" endtime="20230425 14:01:28.970"/>
</kw>
<status status="PASS" starttime="20230425 14:01:28.933" endtime="20230425 14:01:28.970"/>
</iter>
<iter>
<var name="${i}">2</var>
<kw name="Get Text" library="SeleniumLibrary">
<var>${nav_text}</var>
<arg>xpath:(//div[@class='element-list collapse show']/ul/li)[${i}]</arg>
<doc>Returns the text value of the element identified by ``locator``.</doc>
<msg timestamp="20230425 14:01:28.994" level="INFO">${nav_text} = Check Box</msg>
<status status="PASS" starttime="20230425 14:01:28.971" endtime="20230425 14:01:28.994"/>
</kw>
<kw name="Log To Console" library="BuiltIn">
<arg>The NavBar Contains: ${nav_text}</arg>
<doc>Logs the given message to the console.</doc>
<status status="PASS" starttime="20230425 14:01:28.994" endtime="20230425 14:01:28.995"/>
</kw>
<status status="PASS" starttime="20230425 14:01:28.970" endtime="20230425 14:01:28.995"/>
</iter>
<iter>
<var name="${i}">3</var>
<kw name="Get Text" library="SeleniumLibrary">
<var>${nav_text}</var>
<arg>xpath:(//div[@class='element-list collapse show']/ul/li)[${i}]</arg>
<doc>Returns the text value of the element identified by ``locator``.</doc>
<msg timestamp="20230425 14:01:29.016" level="INFO">${nav_text} = Radio Button</msg>
<status status="PASS" starttime="20230425 14:01:28.995" endtime="20230425 14:01:29.016"/>
</kw>
<kw name="Log To Console" library="BuiltIn">
<arg>The NavBar Contains: ${nav_text}</arg>
<doc>Logs the given message to the console.</doc>
<status status="PASS" starttime="20230425 14:01:29.016" endtime="20230425 14:01:29.017"/>
</kw>
<status status="PASS" starttime="20230425 14:01:28.995" endtime="20230425 14:01:29.017"/>
</iter>
<iter>
<var name="${i}">4</var>
<kw name="Get Text" library="SeleniumLibrary">
<var>${nav_text}</var>
<arg>xpath:(//div[@class='element-list collapse show']/ul/li)[${i}]</arg>
<doc>Returns the text value of the element identified by ``locator``.</doc>
<msg timestamp="20230425 14:01:29.040" level="INFO">${nav_text} = Web Tables</msg>
<status status="PASS" starttime="20230425 14:01:29.017" endtime="20230425 14:01:29.040"/>
</kw>
<kw name="Log To Console" library="BuiltIn">
<arg>The NavBar Contains: ${nav_text}</arg>
<doc>Logs the given message to the console.</doc>
<status status="PASS" starttime="20230425 14:01:29.040" endtime="20230425 14:01:29.041"/>
</kw>
<status status="PASS" starttime="20230425 14:01:29.017" endtime="20230425 14:01:29.041"/>
</iter>
<iter>
<var name="${i}">5</var>
<kw name="Get Text" library="SeleniumLibrary">
<var>${nav_text}</var>
<arg>xpath:(//div[@class='element-list collapse show']/ul/li)[${i}]</arg>
<doc>Returns the text value of the element identified by ``locator``.</doc>
<msg timestamp="20230425 14:01:29.062" level="INFO">${nav_text} = Buttons</msg>
<status status="PASS" starttime="20230425 14:01:29.041" endtime="20230425 14:01:29.062"/>
</kw>
<kw name="Log To Console" library="BuiltIn">
<arg>The NavBar Contains: ${nav_text}</arg>
<doc>Logs the given message to the console.</doc>
<status status="PASS" starttime="20230425 14:01:29.063" endtime="20230425 14:01:29.063"/>
</kw>
<status status="PASS" starttime="20230425 14:01:29.041" endtime="20230425 14:01:29.063"/>
</iter>
<iter>
<var name="${i}">6</var>
<kw name="Get Text" library="SeleniumLibrary">
<var>${nav_text}</var>
<arg>xpath:(//div[@class='element-list collapse show']/ul/li)[${i}]</arg>
<doc>Returns the text value of the element identified by ``locator``.</doc>
<msg timestamp="20230425 14:01:29.085" level="INFO">${nav_text} = Links</msg>
<status status="PASS" starttime="20230425 14:01:29.063" endtime="20230425 14:01:29.085"/>
</kw>
<kw name="Log To Console" library="BuiltIn">
<arg>The NavBar Contains: ${nav_text}</arg>
<doc>Logs the given message to the console.</doc>
<status status="PASS" starttime="20230425 14:01:29.085" endtime="20230425 14:01:29.085"/>
</kw>
<status status="PASS" starttime="20230425 14:01:29.063" endtime="20230425 14:01:29.085"/>
</iter>
<iter>
<var name="${i}">7</var>
<kw name="Get Text" library="SeleniumLibrary">
<var>${nav_text}</var>
<arg>xpath:(//div[@class='element-list collapse show']/ul/li)[${i}]</arg>
<doc>Returns the text value of the element identified by ``locator``.</doc>
<msg timestamp="20230425 14:01:29.107" level="INFO">${nav_text} = Broken Links - Images</msg>
<status status="PASS" starttime="20230425 14:01:29.086" endtime="20230425 14:01:29.107"/>
</kw>
<kw name="Log To Console" library="BuiltIn">
<arg>The NavBar Contains: ${nav_text}</arg>
<doc>Logs the given message to the console.</doc>
<status status="PASS" starttime="20230425 14:01:29.107" endtime="20230425 14:01:29.107"/>
</kw>
<status status="PASS" starttime="20230425 14:01:29.086" endtime="20230425 14:01:29.107"/>
</iter>
<iter>
<var name="${i}">8</var>
<kw name="Get Text" library="SeleniumLibrary">
<var>${nav_text}</var>
<arg>xpath:(//div[@class='element-list collapse show']/ul/li)[${i}]</arg>
<doc>Returns the text value of the element identified by ``locator``.</doc>
<msg timestamp="20230425 14:01:29.130" level="INFO">${nav_text} = Upload and Download</msg>
<status status="PASS" starttime="20230425 14:01:29.108" endtime="20230425 14:01:29.130"/>
</kw>
<kw name="Log To Console" library="BuiltIn">
<arg>The NavBar Contains: ${nav_text}</arg>
<doc>Logs the given message to the console.</doc>
<status status="PASS" starttime="20230425 14:01:29.131" endtime="20230425 14:01:29.131"/>
</kw>
<status status="PASS" starttime="20230425 14:01:29.108" endtime="20230425 14:01:29.131"/>
</iter>
<status status="PASS" starttime="20230425 14:01:28.933" endtime="20230425 14:01:29.131"/>
</for>
<status status="PASS" starttime="20230425 14:01:25.895" endtime="20230425 14:01:29.131"/>
</kw>
<kw name="Page Should Contain Element" library="SeleniumLibrary">
<arg>${Textbox}</arg>
<doc>Verifies that element ``locator`` is found on the current page.</doc>
<msg timestamp="20230425 14:01:29.140" level="INFO">Current page contains element 'xpath=//div[@class='element-list collapse show']//li[@id='item-0']'.</msg>
<status status="PASS" starttime="20230425 14:01:29.131" endtime="20230425 14:01:29.141"/>
</kw>
<kw name="Page Should Contain Element" library="SeleniumLibrary">
<arg>${Checkbox}</arg>
<doc>Verifies that element ``locator`` is found on the current page.</doc>
<msg timestamp="20230425 14:01:29.151" level="INFO">Current page contains element 'xpath=//div[@class='element-list collapse show']//li[@id='item-1']'.</msg>
<status status="PASS" starttime="20230425 14:01:29.141" endtime="20230425 14:01:29.151"/>
</kw>
<kw name="Page Should Contain Element" library="SeleniumLibrary">
<arg>${Radio_Button}</arg>
<doc>Verifies that element ``locator`` is found on the current page.</doc>
<msg timestamp="20230425 14:01:29.161" level="INFO">Current page contains element 'xpath=//div[@class='element-list collapse show']//li[@id='item-2']'.</msg>
<status status="PASS" starttime="20230425 14:01:29.151" endtime="20230425 14:01:29.161"/>
</kw>
<kw name="Page Should Contain Element" library="SeleniumLibrary">
<arg>${Web_Tables}</arg>
<doc>Verifies that element ``locator`` is found on the current page.</doc>
<msg timestamp="20230425 14:01:29.172" level="INFO">Current page contains element 'xpath=//div[@class='element-list collapse show']//li[@id='item-3']'.</msg>
<status status="PASS" starttime="20230425 14:01:29.161" endtime="20230425 14:01:29.172"/>
</kw>
<kw name="Page Should Contain Element" library="SeleniumLibrary">
<arg>${Buttons}</arg>
<doc>Verifies that element ``locator`` is found on the current page.</doc>
<msg timestamp="20230425 14:01:29.182" level="INFO">Current page contains element 'xpath=//div[@class='element-list collapse show']//li[@id='item-4']'.</msg>
<status status="PASS" starttime="20230425 14:01:29.172" endtime="20230425 14:01:29.183"/>
</kw>
<kw name="Page Should Contain Element" library="SeleniumLibrary">
<arg>${Links}</arg>
<doc>Verifies that element ``locator`` is found on the current page.</doc>
<msg timestamp="20230425 14:01:29.193" level="INFO">Current page contains element 'xpath=//div[@class='element-list collapse show']//li[@id='item-5']'.</msg>
<status status="PASS" starttime="20230425 14:01:29.183" endtime="20230425 14:01:29.193"/>
</kw>
<kw name="Page Should Contain Element" library="SeleniumLibrary">
<arg>${Broken_links_images}</arg>
<doc>Verifies that element ``locator`` is found on the current page.</doc>
<msg timestamp="20230425 14:01:29.202" level="INFO">Current page contains element 'xpath=//div[@class='element-list collapse show']//li[@id='item-6']'.</msg>
<status status="PASS" starttime="20230425 14:01:29.193" endtime="20230425 14:01:29.202"/>
</kw>
<kw name="Page Should Contain Element" library="SeleniumLibrary">
<arg>${Upload_and_download}</arg>
<doc>Verifies that element ``locator`` is found on the current page.</doc>
<msg timestamp="20230425 14:01:29.212" level="INFO">Current page contains element 'xpath=//div[@class='element-list collapse show']//li[@id='item-7']'.</msg>
<status status="PASS" starttime="20230425 14:01:29.202" endtime="20230425 14:01:29.212"/>
</kw>
<kw name="Page Should Contain Element" library="SeleniumLibrary">
<arg>${Dynamic_properties}</arg>
<doc>Verifies that element ``locator`` is found on the current page.</doc>
<msg timestamp="20230425 14:01:29.222" level="INFO">Current page contains element 'xpath=//div[@class='element-list collapse show']//li[@id='item-8']'.</msg>
<status status="PASS" starttime="20230425 14:01:29.212" endtime="20230425 14:01:29.222"/>
</kw>
<kw name="Footer Data Contain" library="Commonkeywords">
<doc>This keyword is used to verify Footer Part Data</doc>
<kw name="Get Text" library="SeleniumLibrary">
<var>${footer_part}</var>
<arg>${txt_footer}</arg>
<doc>Returns the text value of the element identified by ``locator``.</doc>
<msg timestamp="20230425 14:01:29.242" level="INFO">${footer_part} = © 2013-2020 TOOLSQA.COM | ALL RIGHTS RESERVED.</msg>
<status status="PASS" starttime="20230425 14:01:29.222" endtime="20230425 14:01:29.242"/>
</kw>
<kw name="Should Be Equal As Strings" library="BuiltIn">
<arg>${footer_part}</arg>
<arg>© 2013-2020 TOOLSQA.COM | ALL RIGHTS RESERVED.</arg>
<doc>Fails if objects are unequal after converting them to strings.</doc>
<status status="PASS" starttime="20230425 14:01:29.242" endtime="20230425 14:01:29.242"/>
</kw>
<status status="PASS" starttime="20230425 14:01:29.222" endtime="20230425 14:01:29.242"/>
</kw>
<kw name="Close Browser" library="SeleniumLibrary">
<doc>Closes the current browser.</doc>
<status status="PASS" starttime="20230425 14:01:29.243" endtime="20230425 14:01:31.534"/>
</kw>
<status status="PASS" starttime="20230425 14:01:16.519" endtime="20230425 14:01:31.534"/>
</kw>
<kw name="Sleep" library="BuiltIn">
<arg>3s</arg>
<doc>Pauses the test executed for the given time.</doc>
<msg timestamp="20230425 14:01:34.538" level="INFO">Slept 3 seconds</msg>
<status status="PASS" starttime="20230425 14:01:31.535" endtime="20230425 14:01:34.538"/>
</kw>
<kw name="Close Browser" library="SeleniumLibrary">
<doc>Closes the current browser.</doc>
<status status="PASS" starttime="20230425 14:01:34.540" endtime="20230425 14:01:34.540"/>
</kw>
<kw name="Log" library="BuiltIn">
<arg>Successfully Completed Verify Elements Page Contains</arg>
<doc>Logs the given message with the given level.</doc>
<msg timestamp="20230425 14:01:34.541" level="INFO">Successfully Completed Verify Elements Page Contains</msg>
<status status="PASS" starttime="20230425 14:01:34.541" endtime="20230425 14:01:34.542"/>
</kw>
<doc>This Test Case is used to verify Elements Page</doc>
<tag>elements</tag>
<status status="PASS" starttime="20230425 14:01:03.808" endtime="20230425 14:01:34.543"/>
</test>
<test id="s1-t3" name="Verify Forms Page Contains" line="39">
<kw name="Start Browser and Maximize" library="Commonkeywords">
<arg>${siteurl}</arg>
<arg>${browser}</arg>
<doc>This keyword is used for start browser and maximize its window</doc>
<kw name="Open Browser" library="SeleniumLibrary">
<arg>${siteurl}</arg>
<arg>${browser}</arg>
<doc>Opens a new browser instance to the optional ``url``.</doc>
<msg timestamp="20230425 14:01:34.551" level="INFO">Opening browser 'chrome' to base url 'https://demoqa.com/'.</msg>
<status status="PASS" starttime="20230425 14:01:34.550" endtime="20230425 14:01:41.461"/>
</kw>
<kw name="Maximize Browser Window" library="SeleniumLibrary">
<doc>Maximizes current browser window.</doc>
<status status="PASS" starttime="20230425 14:01:41.461" endtime="20230425 14:01:41.587"/>
</kw>
<kw name="Get Title" library="SeleniumLibrary">
<var>${Title}</var>
<doc>Returns the title of the current page.</doc>
<msg timestamp="20230425 14:01:41.591" level="INFO">${Title} = DEMOQA</msg>
<status status="PASS" starttime="20230425 14:01:41.587" endtime="20230425 14:01:41.591"/>
</kw>
<kw name="Log To Console" library="BuiltIn">
<arg>${Title}</arg>
<doc>Logs the given message to the console.</doc>
<status status="PASS" starttime="20230425 14:01:41.591" endtime="20230425 14:01:41.592"/>
</kw>
<kw name="Should Be Equal As Strings" library="BuiltIn">
<arg>${Title}</arg>
<arg>DEMOQA</arg>
<doc>Fails if objects are unequal after converting them to strings.</doc>
<status status="PASS" starttime="20230425 14:01:41.592" endtime="20230425 14:01:41.592"/>
</kw>
<status status="PASS" starttime="20230425 14:01:34.548" endtime="20230425 14:01:41.592"/>
</kw>
<kw name="Sleep" library="BuiltIn">
<arg>3s</arg>
<doc>Pauses the test executed for the given time.</doc>
<msg timestamp="20230425 14:01:44.603" level="INFO">Slept 3 seconds</msg>
<status status="PASS" starttime="20230425 14:01:41.593" endtime="20230425 14:01:44.603"/>
</kw>
<kw name="Click Element" library="SeleniumLibrary">
<arg>${forms_card}</arg>
<doc>Click the element identified by ``locator``.</doc>
<msg timestamp="20230425 14:01:44.604" level="INFO">Clicking element 'xpath://div[@class='category-cards']/div[2]'.</msg>
<status status="PASS" starttime="20230425 14:01:44.603" endtime="20230425 14:01:44.676"/>
</kw>
<kw name="Sleep" library="BuiltIn">
<arg>3s</arg>
<doc>Pauses the test executed for the given time.</doc>
<msg timestamp="20230425 14:01:47.689" level="INFO">Slept 3 seconds</msg>
<status status="PASS" starttime="20230425 14:01:44.677" endtime="20230425 14:01:47.689"/>
</kw>
<kw name="Verify Forms Page" library="Forms_keyword">
<kw name="Get Location" library="SeleniumLibrary">
<var>${url}</var>
<doc>Returns the current browser window URL.</doc>
<msg timestamp="20230425 14:01:47.693" level="INFO">${url} = https://demoqa.com/forms</msg>
<status status="PASS" starttime="20230425 14:01:47.689" endtime="20230425 14:01:47.693"/>
</kw>
<kw name="Should Be Equal As Strings" library="BuiltIn">
<arg>${url}</arg>
<arg>https://demoqa.com/forms</arg>
<doc>Fails if objects are unequal after converting them to strings.</doc>
<status status="PASS" starttime="20230425 14:01:47.693" endtime="20230425 14:01:47.693"/>
</kw>
<kw name="Verify Please Select Text" library="Commonkeywords">
<doc>This keyword is used to verify Page Text</doc>
<kw name="Sleep" library="BuiltIn">
<arg>3s</arg>
<doc>Pauses the test executed for the given time.</doc>
<msg timestamp="20230425 14:01:50.705" level="INFO">Slept 3 seconds</msg>
<status status="PASS" starttime="20230425 14:01:47.694" endtime="20230425 14:01:50.705"/>
</kw>
<kw name="Page Should Contain Element" library="SeleniumLibrary">
<arg>${select_text}</arg>
<doc>Verifies that element ``locator`` is found on the current page.</doc>
<msg timestamp="20230425 14:01:50.734" level="INFO">Current page contains element 'xpath://div[contains(text(),'Please select an item from left to start practice.')]'.</msg>
<status status="PASS" starttime="20230425 14:01:50.706" endtime="20230425 14:01:50.734"/>
</kw>
<status status="PASS" starttime="20230425 14:01:47.693" endtime="20230425 14:01:50.734"/>
</kw>
<kw name="Tools Image" library="Commonkeywords">
<doc>This keyword is used to verify Tools Image</doc>
<kw name="Sleep" library="BuiltIn">
<arg>3s</arg>
<doc>Pauses the test executed for the given time.</doc>
<msg timestamp="20230425 14:01:53.749" level="INFO">Slept 3 seconds</msg>
<status status="PASS" starttime="20230425 14:01:50.734" endtime="20230425 14:01:53.749"/>
</kw>
<kw name="Capture Element Screenshot" library="SeleniumLibrary">
<arg>${toolsimage_screenshot}</arg>
<doc>Captures a screenshot from the element identified by ``locator`` and embeds it into log file.</doc>
<msg timestamp="20230425 14:01:53.889" level="INFO" html="true">&lt;/td&gt;&lt;/tr&gt;&lt;tr&gt;&lt;td colspan="3"&gt;&lt;a href="selenium-element-screenshot-1119.png"&gt;&lt;img src="selenium-element-screenshot-1119.png" width="400px"&gt;&lt;/a&gt;</msg>
<status status="PASS" starttime="20230425 14:01:53.750" endtime="20230425 14:01:53.889"/>
</kw>
<kw name="Page Should Contain Element" library="SeleniumLibrary">
<arg>${tools_img}</arg>
<doc>Verifies that element ``locator`` is found on the current page.</doc>
<msg timestamp="20230425 14:01:53.897" level="INFO">Current page contains element 'xpath://img[@src='/images/Toolsqa.jpg']'.</msg>
<status status="PASS" starttime="20230425 14:01:53.889" endtime="20230425 14:01:53.897"/>
</kw>
<status status="PASS" starttime="20230425 14:01:50.734" endtime="20230425 14:01:53.897"/>
</kw>
<kw name="Get Text" library="SeleniumLibrary">
<var>${page_text_name}</var>
<arg>${page_text}</arg>
<doc>Returns the text value of the element identified by ``locator``.</doc>
<msg timestamp="20230425 14:01:53.918" level="INFO">${page_text_name} = Forms</msg>
<status status="PASS" starttime="20230425 14:01:53.897" endtime="20230425 14:01:53.918"/>
</kw>
<kw name="Log To Console" library="BuiltIn">
<arg>${page_text_name}</arg>
<arg>Forms</arg>
<doc>Logs the given message to the console.</doc>
<status status="PASS" starttime="20230425 14:01:53.919" endtime="20230425 14:01:53.919"/>
</kw>
<kw name="Verify NavbarItems" library="Commonkeywords">
<doc>This keyword is used to verify Navbar Items</doc>
<kw name="Sleep" library="BuiltIn">
<arg>3s</arg>
<doc>Pauses the test executed for the given time.</doc>
<msg timestamp="20230425 14:01:56.933" level="INFO">Slept 3 seconds</msg>
<status status="PASS" starttime="20230425 14:01:53.919" endtime="20230425 14:01:56.933"/>
</kw>
<kw name="Get Element Count" library="SeleniumLibrary">
<var>${nav_items}</var>
<arg>${navbar_items}</arg>
<doc>Returns the number of elements matching ``locator``.</doc>
<msg timestamp="20230425 14:01:56.968" level="INFO">${nav_items} = 6</msg>
<status status="PASS" starttime="20230425 14:01:56.933" endtime="20230425 14:01:56.968"/>
</kw>
<kw name="Log To Console" library="BuiltIn">
<arg>Nav Items Count:${nav_items}</arg>
<doc>Logs the given message to the console.</doc>
<status status="PASS" starttime="20230425 14:01:56.968" endtime="20230425 14:01:56.969"/>
</kw>
<for flavor="IN RANGE">
<var>${i}</var>
<value>1</value>
<value>${nav_items}</value>
<iter>
<var name="${i}">1</var>
<kw name="Get Text" library="SeleniumLibrary">
<var>${nav_text}</var>
<arg>xpath:(//div[@class='left-pannel']/div/div)[${i}]</arg>
<doc>Returns the text value of the element identified by ``locator``.</doc>
<msg timestamp="20230425 14:01:57.000" level="INFO">${nav_text} = Elements
 </msg>
<status status="PASS" starttime="20230425 14:01:56.970" endtime="20230425 14:01:57.000"/>
</kw>
<kw name="Log To Console" library="BuiltIn">
<arg>The NavBar are: ${nav_text}</arg>
<doc>Logs the given message to the console.</doc>
<status status="PASS" starttime="20230425 14:01:57.000" endtime="20230425 14:01:57.001"/>
</kw>
<status status="PASS" starttime="20230425 14:01:56.969" endtime="20230425 14:01:57.001"/>
</iter>
<iter>
<var name="${i}">2</var>
<kw name="Get Text" library="SeleniumLibrary">
<var>${nav_text}</var>
<arg>xpath:(//div[@class='left-pannel']/div/div)[${i}]</arg>
<doc>Returns the text value of the element identified by ``locator``.</doc>
<msg timestamp="20230425 14:01:57.027" level="INFO">${nav_text} = Forms
 Practice Form</msg>
<status status="PASS" starttime="20230425 14:01:57.001" endtime="20230425 14:01:57.027"/>
</kw>
<kw name="Log To Console" library="BuiltIn">
<arg>The NavBar are: ${nav_text}</arg>
<doc>Logs the given message to the console.</doc>
<status status="PASS" starttime="20230425 14:01:57.027" endtime="20230425 14:01:57.028"/>
</kw>
<status status="PASS" starttime="20230425 14:01:57.001" endtime="20230425 14:01:57.028"/>
</iter>
<iter>
<var name="${i}">3</var>
<kw name="Get Text" library="SeleniumLibrary">
<var>${nav_text}</var>
<arg>xpath:(//div[@class='left-pannel']/div/div)[${i}]</arg>
<doc>Returns the text value of the element identified by ``locator``.</doc>
<msg timestamp="20230425 14:01:57.053" level="INFO">${nav_text} = Alerts, Frame &amp; Windows
 </msg>
<status status="PASS" starttime="20230425 14:01:57.028" endtime="20230425 14:01:57.053"/>
</kw>
<kw name="Log To Console" library="BuiltIn">
<arg>The NavBar are: ${nav_text}</arg>
<doc>Logs the given message to the console.</doc>
<status status="PASS" starttime="20230425 14:01:57.053" endtime="20230425 14:01:57.053"/>
</kw>
<status status="PASS" starttime="20230425 14:01:57.028" endtime="20230425 14:01:57.054"/>
</iter>
<iter>
<var name="${i}">4</var>
<kw name="Get Text" library="SeleniumLibrary">
<var>${nav_text}</var>
<arg>xpath:(//div[@class='left-pannel']/div/div)[${i}]</arg>
<doc>Returns the text value of the element identified by ``locator``.</doc>
<msg timestamp="20230425 14:01:57.082" level="INFO">${nav_text} = Widgets
 </msg>
<status status="PASS" starttime="20230425 14:01:57.054" endtime="20230425 14:01:57.082"/>
</kw>
<kw name="Log To Console" library="BuiltIn">
<arg>The NavBar are: ${nav_text}</arg>
<doc>Logs the given message to the console.</doc>
<status status="PASS" starttime="20230425 14:01:57.082" endtime="20230425 14:01:57.082"/>
</kw>
<status status="PASS" starttime="20230425 14:01:57.054" endtime="20230425 14:01:57.082"/>
</iter>
<iter>
<var name="${i}">5</var>
<kw name="Get Text" library="SeleniumLibrary">
<var>${nav_text}</var>
<arg>xpath:(//div[@class='left-pannel']/div/div)[${i}]</arg>
<doc>Returns the text value of the element identified by ``locator``.</doc>
<msg timestamp="20230425 14:01:57.109" level="INFO">${nav_text} = Interactions
 </msg>
<status status="PASS" starttime="20230425 14:01:57.082" endtime="20230425 14:01:57.109"/>
</kw>
<kw name="Log To Console" library="BuiltIn">
<arg>The NavBar are: ${nav_text}</arg>
<doc>Logs the given message to the console.</doc>
<status status="PASS" starttime="20230425 14:01:57.109" endtime="20230425 14:01:57.110"/>
</kw>
<status status="PASS" starttime="20230425 14:01:57.082" endtime="20230425 14:01:57.110"/>
</iter>
<status status="PASS" starttime="20230425 14:01:56.969" endtime="20230425 14:01:57.110"/>
</for>
<status status="PASS" starttime="20230425 14:01:53.919" endtime="20230425 14:01:57.110"/>
</kw>
<kw name="Verify page Navbar Items" library="Commonkeywords">
<doc>This keyword is used to verify Page Navbar Items</doc>
<kw name="Sleep" library="BuiltIn">
<arg>3s</arg>
<doc>Pauses the test executed for the given time.</doc>
<msg timestamp="20230425 14:02:00.117" level="INFO">Slept 3 seconds</msg>
<status status="PASS" starttime="20230425 14:01:57.111" endtime="20230425 14:02:00.117"/>
</kw>
<kw name="Get Element Count" library="SeleniumLibrary">
<var>${pages_nav_items}</var>
<arg>${page_nav_items}</arg>
<doc>Returns the number of elements matching ``locator``.</doc>
<msg timestamp="20230425 14:02:00.130" level="INFO">${pages_nav_items} = 1</msg>
<status status="PASS" starttime="20230425 14:02:00.118" endtime="20230425 14:02:00.130"/>
</kw>
<kw name="Log To Console" library="BuiltIn">
<arg>Sub Nav Items Count:${pages_nav_items}</arg>
<doc>Logs the given message to the console.</doc>
<status status="PASS" starttime="20230425 14:02:00.131" endtime="20230425 14:02:00.131"/>
</kw>
<for flavor="IN RANGE">
<var>${i}</var>
<value>1</value>
<value>${pages_nav_items}</value>
<iter>
<var name="${i}"/>
<kw name="Get Text" library="SeleniumLibrary">
<var>${nav_text}</var>
<arg>xpath:(//div[@class='element-list collapse show']/ul/li)[${i}]</arg>
<doc>Returns the text value of the element identified by ``locator``.</doc>
<status status="NOT RUN" starttime="20230425 14:02:00.131" endtime="20230425 14:02:00.131"/>
</kw>
<kw name="Log To Console" library="BuiltIn">
<arg>The NavBar Contains: ${nav_text}</arg>
<doc>Logs the given message to the console.</doc>
<status status="NOT RUN" starttime="20230425 14:02:00.131" endtime="20230425 14:02:00.131"/>
</kw>
<status status="NOT RUN" starttime="20230425 14:02:00.131" endtime="20230425 14:02:00.131"/>
</iter>
<status status="NOT RUN" starttime="20230425 14:02:00.131" endtime="20230425 14:02:00.131"/>
</for>
<status status="PASS" starttime="20230425 14:01:57.110" endtime="20230425 14:02:00.131"/>
</kw>
<kw name="Page Should Contain Element" library="SeleniumLibrary">
<arg>${Practice_Form}</arg>
<doc>Verifies that element ``locator`` is found on the current page.</doc>
<msg timestamp="20230425 14:02:00.142" level="INFO">Current page contains element 'xpath=//div[@class='element-list collapse show']//li[@id='item-0']'.</msg>
<status status="PASS" starttime="20230425 14:02:00.132" endtime="20230425 14:02:00.142"/>
</kw>
<kw name="Footer Data Contain" library="Commonkeywords">
<doc>This keyword is used to verify Footer Part Data</doc>
<kw name="Get Text" library="SeleniumLibrary">
<var>${footer_part}</var>
<arg>${txt_footer}</arg>
<doc>Returns the text value of the element identified by ``locator``.</doc>
<msg timestamp="20230425 14:02:00.162" level="INFO">${footer_part} = © 2013-2020 TOOLSQA.COM | ALL RIGHTS RESERVED.</msg>
<status status="PASS" starttime="20230425 14:02:00.143" endtime="20230425 14:02:00.162"/>
</kw>
<kw name="Should Be Equal As Strings" library="BuiltIn">
<arg>${footer_part}</arg>
<arg>© 2013-2020 TOOLSQA.COM | ALL RIGHTS RESERVED.</arg>
<doc>Fails if objects are unequal after converting them to strings.</doc>
<status status="PASS" starttime="20230425 14:02:00.162" endtime="20230425 14:02:00.163"/>
</kw>
<status status="PASS" starttime="20230425 14:02:00.142" endtime="20230425 14:02:00.163"/>
</kw>
<kw name="Close Browser" library="SeleniumLibrary">
<doc>Closes the current browser.</doc>
<status status="PASS" starttime="20230425 14:02:00.163" endtime="20230425 14:02:02.452"/>
</kw>
<status status="PASS" starttime="20230425 14:01:47.689" endtime="20230425 14:02:02.452"/>
</kw>
<kw name="Sleep" library="BuiltIn">
<arg>3s</arg>
<doc>Pauses the test executed for the given time.</doc>
<msg timestamp="20230425 14:02:05.456" level="INFO">Slept 3 seconds</msg>
<status status="PASS" starttime="20230425 14:02:02.453" endtime="20230425 14:02:05.456"/>
</kw>
<kw name="Close Browser" library="SeleniumLibrary">
<doc>Closes the current browser.</doc>
<status status="PASS" starttime="20230425 14:02:05.456" endtime="20230425 14:02:05.456"/>
</kw>
<kw name="Log" library="BuiltIn">
<arg>Successfully Completed Verify Forms Page Contains</arg>
<doc>Logs the given message with the given level.</doc>
<msg timestamp="20230425 14:02:05.457" level="INFO">Successfully Completed Verify Forms Page Contains</msg>
<status status="PASS" starttime="20230425 14:02:05.457" endtime="20230425 14:02:05.457"/>
</kw>
<doc>This Test Case is used to verify Forms Page</doc>
<tag>forms</tag>
<status status="PASS" starttime="20230425 14:01:34.546" endtime="20230425 14:02:05.457"/>
</test>
<test id="s1-t4" name="Verify Alert Windows Page Contains" line="51">
<kw name="Start Browser and Maximize" library="Commonkeywords">
<arg>${siteurl}</arg>
<arg>${browser}</arg>
<doc>This keyword is used for start browser and maximize its window</doc>
<kw name="Open Browser" library="SeleniumLibrary">
<arg>${siteurl}</arg>
<arg>${browser}</arg>
<doc>Opens a new browser instance to the optional ``url``.</doc>
<msg timestamp="20230425 14:02:05.459" level="INFO">Opening browser 'chrome' to base url 'https://demoqa.com/'.</msg>
<status status="PASS" starttime="20230425 14:02:05.459" endtime="20230425 14:02:21.638"/>
</kw>
<kw name="Maximize Browser Window" library="SeleniumLibrary">
<doc>Maximizes current browser window.</doc>
<status status="PASS" starttime="20230425 14:02:21.638" endtime="20230425 14:02:21.770"/>
</kw>
<kw name="Get Title" library="SeleniumLibrary">
<var>${Title}</var>
<doc>Returns the title of the current page.</doc>
<msg timestamp="20230425 14:02:21.775" level="INFO">${Title} = DEMOQA</msg>
<status status="PASS" starttime="20230425 14:02:21.770" endtime="20230425 14:02:21.775"/>
</kw>
<kw name="Log To Console" library="BuiltIn">
<arg>${Title}</arg>
<doc>Logs the given message to the console.</doc>
<status status="PASS" starttime="20230425 14:02:21.775" endtime="20230425 14:02:21.775"/>
</kw>
<kw name="Should Be Equal As Strings" library="BuiltIn">
<arg>${Title}</arg>
<arg>DEMOQA</arg>
<doc>Fails if objects are unequal after converting them to strings.</doc>
<status status="PASS" starttime="20230425 14:02:21.775" endtime="20230425 14:02:21.775"/>
</kw>
<status status="PASS" starttime="20230425 14:02:05.458" endtime="20230425 14:02:21.775"/>
</kw>
<kw name="Sleep" library="BuiltIn">
<arg>3s</arg>
<doc>Pauses the test executed for the given time.</doc>
<msg timestamp="20230425 14:02:24.788" level="INFO">Slept 3 seconds</msg>
<status status="PASS" starttime="20230425 14:02:21.776" endtime="20230425 14:02:24.788"/>
</kw>
<kw name="Click Element" library="SeleniumLibrary">
<arg>${alert_frame_windows_card}</arg>
<doc>Click the element identified by ``locator``.</doc>
<msg timestamp="20230425 14:02:24.789" level="INFO">Clicking element 'xpath://div[@class='category-cards']/div[3]'.</msg>
<status status="PASS" starttime="20230425 14:02:24.788" endtime="20230425 14:02:24.863"/>
</kw>
<kw name="Sleep" library="BuiltIn">
<arg>3s</arg>
<doc>Pauses the test executed for the given time.</doc>
<msg timestamp="20230425 14:02:27.870" level="INFO">Slept 3 seconds</msg>
<status status="PASS" starttime="20230425 14:02:24.864" endtime="20230425 14:02:27.870"/>
</kw>
<kw name="Verify Alert Windows Page" library="alert_windows_keywords">
<doc>This Keyword is used to verify Alert Windows Page</doc>
<kw name="Get Location" library="SeleniumLibrary">
<var>${url}</var>
<doc>Returns the current browser window URL.</doc>
<msg timestamp="20230425 14:02:27.877" level="INFO">${url} = https://demoqa.com/alertsWindows</msg>
<status status="PASS" starttime="20230425 14:02:27.871" endtime="20230425 14:02:27.877"/>
</kw>
<kw name="Should Be Equal As Strings" library="BuiltIn">
<arg>${url}</arg>
<arg>https://demoqa.com/alertsWindows</arg>
<doc>Fails if objects are unequal after converting them to strings.</doc>
<status status="PASS" starttime="20230425 14:02:27.877" endtime="20230425 14:02:27.877"/>
</kw>
<kw name="Verify Please Select Text" library="Commonkeywords">
<doc>This keyword is used to verify Page Text</doc>
<kw name="Sleep" library="BuiltIn">
<arg>3s</arg>
<doc>Pauses the test executed for the given time.</doc>
<msg timestamp="20230425 14:02:30.893" level="INFO">Slept 3 seconds</msg>
<status status="PASS" starttime="20230425 14:02:27.878" endtime="20230425 14:02:30.893"/>
</kw>
<kw name="Page Should Contain Element" library="SeleniumLibrary">
<arg>${select_text}</arg>
<doc>Verifies that element ``locator`` is found on the current page.</doc>
<msg timestamp="20230425 14:02:30.905" level="INFO">Current page contains element 'xpath://div[contains(text(),'Please select an item from left to start practice.')]'.</msg>
<status status="PASS" starttime="20230425 14:02:30.893" endtime="20230425 14:02:30.905"/>
</kw>
<status status="PASS" starttime="20230425 14:02:27.878" endtime="20230425 14:02:30.905"/>
</kw>
<kw name="Tools Image" library="Commonkeywords">
<doc>This keyword is used to verify Tools Image</doc>
<kw name="Sleep" library="BuiltIn">
<arg>3s</arg>
<doc>Pauses the test executed for the given time.</doc>
<msg timestamp="20230425 14:02:33.909" level="INFO">Slept 3 seconds</msg>
<status status="PASS" starttime="20230425 14:02:30.905" endtime="20230425 14:02:33.909"/>
</kw>
<kw name="Capture Element Screenshot" library="SeleniumLibrary">
<arg>${toolsimage_screenshot}</arg>
<doc>Captures a screenshot from the element identified by ``locator`` and embeds it into log file.</doc>
<msg timestamp="20230425 14:02:34.046" level="INFO" html="true">&lt;/td&gt;&lt;/tr&gt;&lt;tr&gt;&lt;td colspan="3"&gt;&lt;a href="selenium-element-screenshot-1120.png"&gt;&lt;img src="selenium-element-screenshot-1120.png" width="400px"&gt;&lt;/a&gt;</msg>
<status status="PASS" starttime="20230425 14:02:33.909" endtime="20230425 14:02:34.046"/>
</kw>
<kw name="Page Should Contain Element" library="SeleniumLibrary">
<arg>${tools_img}</arg>
<doc>Verifies that element ``locator`` is found on the current page.</doc>
<msg timestamp="20230425 14:02:34.057" level="INFO">Current page contains element 'xpath://img[@src='/images/Toolsqa.jpg']'.</msg>
<status status="PASS" starttime="20230425 14:02:34.047" endtime="20230425 14:02:34.057"/>
</kw>
<status status="PASS" starttime="20230425 14:02:30.905" endtime="20230425 14:02:34.057"/>
</kw>
<kw name="Get Text" library="SeleniumLibrary">
<var>${page_text_name}</var>
<arg>${page_text}</arg>
<doc>Returns the text value of the element identified by ``locator``.</doc>
<msg timestamp="20230425 14:02:34.079" level="INFO">${page_text_name} = Alerts, Frame &amp; Windows</msg>
<status status="PASS" starttime="20230425 14:02:34.057" endtime="20230425 14:02:34.079"/>
</kw>
<kw name="Log To Console" library="BuiltIn">
<arg>${page_text_name}</arg>
<arg>Alerts, Frame &amp; Windows</arg>
<doc>Logs the given message to the console.</doc>
<status status="PASS" starttime="20230425 14:02:34.079" endtime="20230425 14:02:34.080"/>
</kw>
<kw name="Sleep" library="BuiltIn">
<arg>3s</arg>
<doc>Pauses the test executed for the given time.</doc>
<msg timestamp="20230425 14:02:37.087" level="INFO">Slept 3 seconds</msg>
<status status="PASS" starttime="20230425 14:02:34.080" endtime="20230425 14:02:37.087"/>
</kw>
<kw name="Verify NavbarItems" library="Commonkeywords">
<doc>This keyword is used to verify Navbar Items</doc>
<kw name="Sleep" library="BuiltIn">
<arg>3s</arg>
<doc>Pauses the test executed for the given time.</doc>
<msg timestamp="20230425 14:02:40.094" level="INFO">Slept 3 seconds</msg>
<status status="PASS" starttime="20230425 14:02:37.087" endtime="20230425 14:02:40.094"/>
</kw>
<kw name="Get Element Count" library="SeleniumLibrary">
<var>${nav_items}</var>
<arg>${navbar_items}</arg>
<doc>Returns the number of elements matching ``locator``.</doc>
<msg timestamp="20230425 14:02:40.105" level="INFO">${nav_items} = 6</msg>
<status status="PASS" starttime="20230425 14:02:40.094" endtime="20230425 14:02:40.105"/>
</kw>
<kw name="Log To Console" library="BuiltIn">
<arg>Nav Items Count:${nav_items}</arg>
<doc>Logs the given message to the console.</doc>
<status status="PASS" starttime="20230425 14:02:40.106" endtime="20230425 14:02:40.106"/>
</kw>
<for flavor="IN RANGE">
<var>${i}</var>
<value>1</value>
<value>${nav_items}</value>
<iter>
<var name="${i}">1</var>
<kw name="Get Text" library="SeleniumLibrary">
<var>${nav_text}</var>
<arg>xpath:(//div[@class='left-pannel']/div/div)[${i}]</arg>
<doc>Returns the text value of the element identified by ``locator``.</doc>
<msg timestamp="20230425 14:02:40.133" level="INFO">${nav_text} = Elements
 </msg>
<status status="PASS" starttime="20230425 14:02:40.106" endtime="20230425 14:02:40.133"/>
</kw>
<kw name="Log To Console" library="BuiltIn">
<arg>The NavBar are: ${nav_text}</arg>
<doc>Logs the given message to the console.</doc>
<status status="PASS" starttime="20230425 14:02:40.133" endtime="20230425 14:02:40.133"/>
</kw>
<status status="PASS" starttime="20230425 14:02:40.106" endtime="20230425 14:02:40.133"/>
</iter>
<iter>
<var name="${i}">2</var>
<kw name="Get Text" library="SeleniumLibrary">
<var>${nav_text}</var>
<arg>xpath:(//div[@class='left-pannel']/div/div)[${i}]</arg>
<doc>Returns the text value of the element identified by ``locator``.</doc>
<msg timestamp="20230425 14:02:40.177" level="INFO">${nav_text} = Forms
 </msg>
<status status="PASS" starttime="20230425 14:02:40.133" endtime="20230425 14:02:40.177"/>
</kw>
<kw name="Log To Console" library="BuiltIn">
<arg>The NavBar are: ${nav_text}</arg>
<doc>Logs the given message to the console.</doc>
<status status="PASS" starttime="20230425 14:02:40.177" endtime="20230425 14:02:40.178"/>
</kw>
<status status="PASS" starttime="20230425 14:02:40.133" endtime="20230425 14:02:40.178"/>
</iter>
<iter>
<var name="${i}">3</var>
<kw name="Get Text" library="SeleniumLibrary">
<var>${nav_text}</var>
<arg>xpath:(//div[@class='left-pannel']/div/div)[${i}]</arg>
<doc>Returns the text value of the element identified by ``locator``.</doc>
<msg timestamp="20230425 14:02:40.212" level="INFO">${nav_text} = Alerts, Frame &amp; Windows
 Browser Windows
Alerts
Frames
Nested Frames
Modal Dialogs</msg>
<status status="PASS" starttime="20230425 14:02:40.178" endtime="20230425 14:02:40.212"/>
</kw>
<kw name="Log To Console" library="BuiltIn">
<arg>The NavBar are: ${nav_text}</arg>
<doc>Logs the given message to the console.</doc>
<status status="PASS" starttime="20230425 14:02:40.212" endtime="20230425 14:02:40.213"/>
</kw>
<status status="PASS" starttime="20230425 14:02:40.178" endtime="20230425 14:02:40.213"/>
</iter>
<iter>
<var name="${i}">4</var>
<kw name="Get Text" library="SeleniumLibrary">
<var>${nav_text}</var>
<arg>xpath:(//div[@class='left-pannel']/div/div)[${i}]</arg>
<doc>Returns the text value of the element identified by ``locator``.</doc>
<msg timestamp="20230425 14:02:40.247" level="INFO">${nav_text} = Widgets
 </msg>
<status status="PASS" starttime="20230425 14:02:40.213" endtime="20230425 14:02:40.247"/>
</kw>
<kw name="Log To Console" library="BuiltIn">
<arg>The NavBar are: ${nav_text}</arg>
<doc>Logs the given message to the console.</doc>
<status status="PASS" starttime="20230425 14:02:40.248" endtime="20230425 14:02:40.253"/>
</kw>
<status status="PASS" starttime="20230425 14:02:40.213" endtime="20230425 14:02:40.253"/>
</iter>
<iter>
<var name="${i}">5</var>
<kw name="Get Text" library="SeleniumLibrary">
<var>${nav_text}</var>
<arg>xpath:(//div[@class='left-pannel']/div/div)[${i}]</arg>
<doc>Returns the text value of the element identified by ``locator``.</doc>
<msg timestamp="20230425 14:02:40.285" level="INFO">${nav_text} = Interactions
 </msg>
<status status="PASS" starttime="20230425 14:02:40.254" endtime="20230425 14:02:40.285"/>
</kw>
<kw name="Log To Console" library="BuiltIn">
<arg>The NavBar are: ${nav_text}</arg>
<doc>Logs the given message to the console.</doc>
<status status="PASS" starttime="20230425 14:02:40.285" endtime="20230425 14:02:40.285"/>
</kw>
<status status="PASS" starttime="20230425 14:02:40.254" endtime="20230425 14:02:40.285"/>
</iter>
<status status="PASS" starttime="20230425 14:02:40.106" endtime="20230425 14:02:40.285"/>
</for>
<status status="PASS" starttime="20230425 14:02:37.087" endtime="20230425 14:02:40.286"/>
</kw>
<kw name="Sleep" library="BuiltIn">
<arg>3s</arg>
<doc>Pauses the test executed for the given time.</doc>
<msg timestamp="20230425 14:02:43.290" level="INFO">Slept 3 seconds</msg>
<status status="PASS" starttime="20230425 14:02:40.286" endtime="20230425 14:02:43.290"/>
</kw>
<kw name="Verify page Navbar Items" library="Commonkeywords">
<doc>This keyword is used to verify Page Navbar Items</doc>
<kw name="Sleep" library="BuiltIn">
<arg>3s</arg>
<doc>Pauses the test executed for the given time.</doc>
<msg timestamp="20230425 14:02:46.302" level="INFO">Slept 3 seconds</msg>
<status status="PASS" starttime="20230425 14:02:43.292" endtime="20230425 14:02:46.302"/>
</kw>
<kw name="Get Element Count" library="SeleniumLibrary">
<var>${pages_nav_items}</var>
<arg>${page_nav_items}</arg>
<doc>Returns the number of elements matching ``locator``.</doc>
<msg timestamp="20230425 14:02:46.313" level="INFO">${pages_nav_items} = 5</msg>
<status status="PASS" starttime="20230425 14:02:46.302" endtime="20230425 14:02:46.313"/>
</kw>
<kw name="Log To Console" library="BuiltIn">
<arg>Sub Nav Items Count:${pages_nav_items}</arg>
<doc>Logs the given message to the console.</doc>
<status status="PASS" starttime="20230425 14:02:46.313" endtime="20230425 14:02:46.313"/>
</kw>
<for flavor="IN RANGE">
<var>${i}</var>
<value>1</value>
<value>${pages_nav_items}</value>
<iter>
<var name="${i}">1</var>
<kw name="Get Text" library="SeleniumLibrary">
<var>${nav_text}</var>
<arg>xpath:(//div[@class='element-list collapse show']/ul/li)[${i}]</arg>
<doc>Returns the text value of the element identified by ``locator``.</doc>
<msg timestamp="20230425 14:02:46.335" level="INFO">${nav_text} = Browser Windows</msg>
<status status="PASS" starttime="20230425 14:02:46.314" endtime="20230425 14:02:46.335"/>
</kw>
<kw name="Log To Console" library="BuiltIn">
<arg>The NavBar Contains: ${nav_text}</arg>
<doc>Logs the given message to the console.</doc>
<status status="PASS" starttime="20230425 14:02:46.335" endtime="20230425 14:02:46.336"/>
</kw>
<status status="PASS" starttime="20230425 14:02:46.314" endtime="20230425 14:02:46.336"/>
</iter>
<iter>
<var name="${i}">2</var>
<kw name="Get Text" library="SeleniumLibrary">
<var>${nav_text}</var>
<arg>xpath:(//div[@class='element-list collapse show']/ul/li)[${i}]</arg>
<doc>Returns the text value of the element identified by ``locator``.</doc>
<msg timestamp="20230425 14:02:46.359" level="INFO">${nav_text} = Alerts</msg>
<status status="PASS" starttime="20230425 14:02:46.336" endtime="20230425 14:02:46.359"/>
</kw>
<kw name="Log To Console" library="BuiltIn">
<arg>The NavBar Contains: ${nav_text}</arg>
<doc>Logs the given message to the console.</doc>
<status status="PASS" starttime="20230425 14:02:46.359" endtime="20230425 14:02:46.360"/>
</kw>
<status status="PASS" starttime="20230425 14:02:46.336" endtime="20230425 14:02:46.360"/>
</iter>
<iter>
<var name="${i}">3</var>
<kw name="Get Text" library="SeleniumLibrary">
<var>${nav_text}</var>
<arg>xpath:(//div[@class='element-list collapse show']/ul/li)[${i}]</arg>
<doc>Returns the text value of the element identified by ``locator``.</doc>
<msg timestamp="20230425 14:02:46.385" level="INFO">${nav_text} = Frames</msg>
<status status="PASS" starttime="20230425 14:02:46.360" endtime="20230425 14:02:46.385"/>
</kw>
<kw name="Log To Console" library="BuiltIn">
<arg>The NavBar Contains: ${nav_text}</arg>
<doc>Logs the given message to the console.</doc>
<status status="PASS" starttime="20230425 14:02:46.385" endtime="20230425 14:02:46.385"/>
</kw>
<status status="PASS" starttime="20230425 14:02:46.360" endtime="20230425 14:02:46.385"/>
</iter>
<iter>
<var name="${i}">4</var>
<kw name="Get Text" library="SeleniumLibrary">
<var>${nav_text}</var>
<arg>xpath:(//div[@class='element-list collapse show']/ul/li)[${i}]</arg>
<doc>Returns the text value of the element identified by ``locator``.</doc>
<msg timestamp="20230425 14:02:46.408" level="INFO">${nav_text} = Nested Frames</msg>
<status status="PASS" starttime="20230425 14:02:46.386" endtime="20230425 14:02:46.408"/>
</kw>
<kw name="Log To Console" library="BuiltIn">
<arg>The NavBar Contains: ${nav_text}</arg>
<doc>Logs the given message to the console.</doc>
<status status="PASS" starttime="20230425 14:02:46.408" endtime="20230425 14:02:46.409"/>
</kw>
<status status="PASS" starttime="20230425 14:02:46.386" endtime="20230425 14:02:46.409"/>
</iter>
<status status="PASS" starttime="20230425 14:02:46.313" endtime="20230425 14:02:46.409"/>
</for>
<status status="PASS" starttime="20230425 14:02:43.291" endtime="20230425 14:02:46.409"/>
</kw>
<kw name="Page Should Contain Element" library="SeleniumLibrary">
<arg>${Sortable}</arg>
<doc>Verifies that element ``locator`` is found on the current page.</doc>
<msg timestamp="20230425 14:02:46.420" level="INFO">Current page contains element 'xpath=//div[@class='element-list collapse show']//li[@id='item-0']'.</msg>
<status status="PASS" starttime="20230425 14:02:46.409" endtime="20230425 14:02:46.420"/>
</kw>
<kw name="Page Should Contain Element" library="SeleniumLibrary">
<arg>${Selectable}</arg>
<doc>Verifies that element ``locator`` is found on the current page.</doc>
<msg timestamp="20230425 14:02:46.431" level="INFO">Current page contains element 'xpath=//div[@class='element-list collapse show']//li[@id='item-1']'.</msg>
<status status="PASS" starttime="20230425 14:02:46.420" endtime="20230425 14:02:46.431"/>
</kw>
<kw name="Page Should Contain Element" library="SeleniumLibrary">
<arg>${Resizable}</arg>
<doc>Verifies that element ``locator`` is found on the current page.</doc>
<msg timestamp="20230425 14:02:46.441" level="INFO">Current page contains element 'xpath=//div[@class='element-list collapse show']//li[@id='item-2']'.</msg>
<status status="PASS" starttime="20230425 14:02:46.431" endtime="20230425 14:02:46.441"/>
</kw>
<kw name="Page Should Contain Element" library="SeleniumLibrary">
<arg>${Droppable}</arg>
<doc>Verifies that element ``locator`` is found on the current page.</doc>
<msg timestamp="20230425 14:02:46.452" level="INFO">Current page contains element 'xpath=//div[@class='element-list collapse show']//li[@id='item-3']'.</msg>
<status status="PASS" starttime="20230425 14:02:46.441" endtime="20230425 14:02:46.452"/>
</kw>
<kw name="Page Should Contain Element" library="SeleniumLibrary">
<arg>${Dragabble}</arg>
<doc>Verifies that element ``locator`` is found on the current page.</doc>
<msg timestamp="20230425 14:02:46.462" level="INFO">Current page contains element 'xpath=//div[@class='element-list collapse show']//li[@id='item-4']'.</msg>
<status status="PASS" starttime="20230425 14:02:46.452" endtime="20230425 14:02:46.462"/>
</kw>
<kw name="Sleep" library="BuiltIn">
<arg>3s</arg>
<doc>Pauses the test executed for the given time.</doc>
<msg timestamp="20230425 14:02:49.463" level="INFO">Slept 3 seconds</msg>
<status status="PASS" starttime="20230425 14:02:46.462" endtime="20230425 14:02:49.463"/>
</kw>
<kw name="Footer Data Contain" library="Commonkeywords">
<doc>This keyword is used to verify Footer Part Data</doc>
<kw name="Get Text" library="SeleniumLibrary">
<var>${footer_part}</var>
<arg>${txt_footer}</arg>
<doc>Returns the text value of the element identified by ``locator``.</doc>
<msg timestamp="20230425 14:02:49.505" level="INFO">${footer_part} = © 2013-2020 TOOLSQA.COM | ALL RIGHTS RESERVED.</msg>
<status status="PASS" starttime="20230425 14:02:49.465" endtime="20230425 14:02:49.505"/>
</kw>
<kw name="Should Be Equal As Strings" library="BuiltIn">
<arg>${footer_part}</arg>
<arg>© 2013-2020 TOOLSQA.COM | ALL RIGHTS RESERVED.</arg>
<doc>Fails if objects are unequal after converting them to strings.</doc>
<status status="PASS" starttime="20230425 14:02:49.505" endtime="20230425 14:02:49.505"/>
</kw>
<status status="PASS" starttime="20230425 14:02:49.464" endtime="20230425 14:02:49.505"/>
</kw>
<kw name="Close Browser" library="SeleniumLibrary">
<doc>Closes the current browser.</doc>
<status status="PASS" starttime="20230425 14:02:49.505" endtime="20230425 14:02:51.788"/>
</kw>
<status status="PASS" starttime="20230425 14:02:27.871" endtime="20230425 14:02:51.788"/>
</kw>
<kw name="Sleep" library="BuiltIn">
<arg>3s</arg>
<doc>Pauses the test executed for the given time.</doc>
<msg timestamp="20230425 14:02:54.796" level="INFO">Slept 3 seconds</msg>
<status status="PASS" starttime="20230425 14:02:51.789" endtime="20230425 14:02:54.796"/>
</kw>
<kw name="Close Browser" library="SeleniumLibrary">
<doc>Closes the current browser.</doc>
<status status="PASS" starttime="20230425 14:02:54.798" endtime="20230425 14:02:54.798"/>
</kw>
<kw name="Log" library="BuiltIn">
<arg>Successfully Completed Verify Alert Windows Page Contains</arg>
<doc>Logs the given message with the given level.</doc>
<msg timestamp="20230425 14:02:54.800" level="INFO">Successfully Completed Verify Alert Windows Page Contains</msg>
<status status="PASS" starttime="20230425 14:02:54.799" endtime="20230425 14:02:54.800"/>
</kw>
<doc>This Test Case is used to verify Alert Windows Page</doc>
<tag>alert</tag>
<status status="PASS" starttime="20230425 14:02:05.458" endtime="20230425 14:02:54.801"/>
</test>
<test id="s1-t5" name="Verify Widgets Page Contains" line="63">
<kw name="Start Browser and Maximize" library="Commonkeywords">
<arg>${siteurl}</arg>
<arg>${browser}</arg>
<doc>This keyword is used for start browser and maximize its window</doc>
<kw name="Open Browser" library="SeleniumLibrary">
<arg>${siteurl}</arg>
<arg>${browser}</arg>
<doc>Opens a new browser instance to the optional ``url``.</doc>
<msg timestamp="20230425 14:02:54.809" level="INFO">Opening browser 'chrome' to base url 'https://demoqa.com/'.</msg>
<status status="PASS" starttime="20230425 14:02:54.808" endtime="20230425 14:03:05.622"/>
</kw>
<kw name="Maximize Browser Window" library="SeleniumLibrary">
<doc>Maximizes current browser window.</doc>
<status status="PASS" starttime="20230425 14:03:05.622" endtime="20230425 14:03:05.743"/>
</kw>
<kw name="Get Title" library="SeleniumLibrary">
<var>${Title}</var>
<doc>Returns the title of the current page.</doc>
<msg timestamp="20230425 14:03:05.748" level="INFO">${Title} = DEMOQA</msg>
<status status="PASS" starttime="20230425 14:03:05.743" endtime="20230425 14:03:05.748"/>
</kw>
<kw name="Log To Console" library="BuiltIn">
<arg>${Title}</arg>
<doc>Logs the given message to the console.</doc>
<status status="PASS" starttime="20230425 14:03:05.748" endtime="20230425 14:03:05.749"/>
</kw>
<kw name="Should Be Equal As Strings" library="BuiltIn">
<arg>${Title}</arg>
<arg>DEMOQA</arg>
<doc>Fails if objects are unequal after converting them to strings.</doc>
<status status="PASS" starttime="20230425 14:03:05.749" endtime="20230425 14:03:05.749"/>
</kw>
<status status="PASS" starttime="20230425 14:02:54.806" endtime="20230425 14:03:05.749"/>
</kw>
<kw name="Sleep" library="BuiltIn">
<arg>3s</arg>
<doc>Pauses the test executed for the given time.</doc>
<msg timestamp="20230425 14:03:08.752" level="INFO">Slept 3 seconds</msg>
<status status="PASS" starttime="20230425 14:03:05.749" endtime="20230425 14:03:08.752"/>
</kw>
<kw name="Click Element" library="SeleniumLibrary">
<arg>${widgets_card}</arg>
<doc>Click the element identified by ``locator``.</doc>
<msg timestamp="20230425 14:03:08.753" level="INFO">Clicking element 'xpath://div[@class='category-cards']/div[4]'.</msg>
<status status="PASS" starttime="20230425 14:03:08.752" endtime="20230425 14:03:08.825"/>
</kw>
<kw name="Sleep" library="BuiltIn">
<arg>3s</arg>
<doc>Pauses the test executed for the given time.</doc>
<msg timestamp="20230425 14:03:11.830" level="INFO">Slept 3 seconds</msg>
<status status="PASS" starttime="20230425 14:03:08.826" endtime="20230425 14:03:11.830"/>
</kw>
<kw name="Verify Widgets Page" library="widgets_keywords">
<doc>This Keyword is used to verify Widgets Page</doc>
<kw name="Get Location" library="SeleniumLibrary">
<var>${url}</var>
<doc>Returns the current browser window URL.</doc>
<msg timestamp="20230425 14:03:11.847" level="INFO">${url} = https://demoqa.com/widgets</msg>
<status status="PASS" starttime="20230425 14:03:11.833" endtime="20230425 14:03:11.847"/>
</kw>
<kw name="Should Be Equal As Strings" library="BuiltIn">
<arg>${url}</arg>
<arg>https://demoqa.com/widgets</arg>
<doc>Fails if objects are unequal after converting them to strings.</doc>
<status status="PASS" starttime="20230425 14:03:11.848" endtime="20230425 14:03:11.848"/>
</kw>
<kw name="Verify Please Select Text" library="Commonkeywords">
<doc>This keyword is used to verify Page Text</doc>
<kw name="Sleep" library="BuiltIn">
<arg>3s</arg>
<doc>Pauses the test executed for the given time.</doc>
<msg timestamp="20230425 14:03:14.858" level="INFO">Slept 3 seconds</msg>
<status status="PASS" starttime="20230425 14:03:11.850" endtime="20230425 14:03:14.858"/>
</kw>
<kw name="Page Should Contain Element" library="SeleniumLibrary">
<arg>${select_text}</arg>
<doc>Verifies that element ``locator`` is found on the current page.</doc>
<msg timestamp="20230425 14:03:14.878" level="INFO">Current page contains element 'xpath://div[contains(text(),'Please select an item from left to start practice.')]'.</msg>
<status status="PASS" starttime="20230425 14:03:14.859" endtime="20230425 14:03:14.878"/>
</kw>
<status status="PASS" starttime="20230425 14:03:11.849" endtime="20230425 14:03:14.878"/>
</kw>
<kw name="Tools Image" library="Commonkeywords">
<doc>This keyword is used to verify Tools Image</doc>
<kw name="Sleep" library="BuiltIn">
<arg>3s</arg>
<doc>Pauses the test executed for the given time.</doc>
<msg timestamp="20230425 14:03:17.885" level="INFO">Slept 3 seconds</msg>
<status status="PASS" starttime="20230425 14:03:14.878" endtime="20230425 14:03:17.885"/>
</kw>
<kw name="Capture Element Screenshot" library="SeleniumLibrary">
<arg>${toolsimage_screenshot}</arg>
[...]
</kw>
<kw name="Execute Javascript" library="SeleniumLibrary">
<arg>window.scrollTo(0,250)</arg>
<doc>Executes the given JavaScript code with possible arguments.</doc>
<msg timestamp="20230425 14:13:39.481" level="INFO">Executing JavaScript:
window.scrollTo(0,250)
Without any arguments.</msg>
<status status="PASS" starttime="20230425 14:13:39.481" endtime="20230425 14:13:40.497"/>
</kw>
<kw name="Click Link" library="SeleniumLibrary">
<arg>${click_programming}</arg>
<doc>Clicks a link identified by ``locator``.</doc>
<msg timestamp="20230425 14:13:40.498" level="INFO">Clicking link 'xpath://a[normalize-space()='Programming JavaScript Applications']'.</msg>
<status status="PASS" starttime="20230425 14:13:40.497" endtime="20230425 14:13:44.263"/>
</kw>
<kw name="Get Location" library="SeleniumLibrary">
<var>${bookdetailsurl}</var>
<doc>Returns the current browser window URL.</doc>
<msg timestamp="20230425 14:13:45.281" level="INFO">${bookdetailsurl} = https://demoqa.com/books?book=9781491950296</msg>
<status status="PASS" starttime="20230425 14:13:44.265" endtime="20230425 14:13:45.281"/>
</kw>
<kw name="Should Be Equal As Strings" library="BuiltIn">
<arg>${bookdetailsurl}</arg>
<arg>https://demoqa.com/books?book=9781491950296</arg>
<doc>Fails if objects are unequal after converting them to strings.</doc>
<status status="PASS" starttime="20230425 14:13:45.290" endtime="20230425 14:13:45.290"/>
</kw>
<kw name="Book Details with logout" library="bookstore_keywords">
<doc>This Keyword is used to verify the book details After user login</doc>
<kw name="Page Should Contain Element" library="SeleniumLibrary">
<arg>${ISBN}</arg>
<doc>Verifies that element ``locator`` is found on the current page.</doc>
<msg timestamp="20230425 14:13:46.300" level="INFO">Current page contains element 'xpath://label[@id='ISBN-label']'.</msg>
<status status="PASS" starttime="20230425 14:13:45.290" endtime="20230425 14:13:46.300"/>
</kw>
<kw name="Page Should Contain Element" library="SeleniumLibrary">
<arg>${Title}</arg>
<doc>Verifies that element ``locator`` is found on the current page.</doc>
<msg timestamp="20230425 14:13:47.315" level="INFO">Current page contains element 'xpath://label[@id='title-label']'.</msg>
<status status="PASS" starttime="20230425 14:13:46.300" endtime="20230425 14:13:47.315"/>
</kw>
<kw name="Page Should Contain Element" library="SeleniumLibrary">
<arg>${SubTitle}</arg>
<doc>Verifies that element ``locator`` is found on the current page.</doc>
<msg timestamp="20230425 14:13:48.332" level="INFO">Current page contains element 'xpath://*[@id='subtitle-label']'.</msg>
<status status="PASS" starttime="20230425 14:13:47.315" endtime="20230425 14:13:48.332"/>
</kw>
<kw name="Page Should Contain Element" library="SeleniumLibrary">
<arg>${Author}</arg>
<doc>Verifies that element ``locator`` is found on the current page.</doc>
<msg timestamp="20230425 14:13:49.346" level="INFO">Current page contains element 'xpath://label[@id='author-label']'.</msg>
<status status="PASS" starttime="20230425 14:13:48.332" endtime="20230425 14:13:49.346"/>
</kw>
<kw name="Page Should Contain Element" library="SeleniumLibrary">
<arg>${Publisher}</arg>
<doc>Verifies that element ``locator`` is found on the current page.</doc>
<msg timestamp="20230425 14:13:50.372" level="INFO">Current page contains element 'xpath://label[@id='publisher-label']'.</msg>
<status status="PASS" starttime="20230425 14:13:49.346" endtime="20230425 14:13:50.372"/>
</kw>
<kw name="Page Should Contain Element" library="SeleniumLibrary">
<arg>${Totalpages}</arg>
<doc>Verifies that element ``locator`` is found on the current page.</doc>
<msg timestamp="20230425 14:13:51.402" level="INFO">Current page contains element 'xpath://label[@id='pages-label']'.</msg>
<status status="PASS" starttime="20230425 14:13:50.373" endtime="20230425 14:13:51.402"/>
</kw>
<kw name="Page Should Contain Element" library="SeleniumLibrary">
<arg>${Description}</arg>
<doc>Verifies that element ``locator`` is found on the current page.</doc>
<msg timestamp="20230425 14:13:52.424" level="INFO">Current page contains element 'xpath://label[@id='description-label']'.</msg>
<status status="PASS" starttime="20230425 14:13:51.402" endtime="20230425 14:13:52.424"/>
</kw>
<kw name="Page Should Contain Element" library="SeleniumLibrary">
<arg>${Website}</arg>
<doc>Verifies that element ``locator`` is found on the current page.</doc>
<msg timestamp="20230425 14:13:53.455" level="INFO">Current page contains element 'xpath://label[@id='website-label']'.</msg>
<status status="PASS" starttime="20230425 14:13:52.425" endtime="20230425 14:13:53.455"/>
</kw>
<kw name="Page Should Contain Element" library="SeleniumLibrary">
<arg>${ISBN_Contain}</arg>
<doc>Verifies that element ``locator`` is found on the current page.</doc>
<msg timestamp="20230425 14:13:54.482" level="INFO">Current page contains element 'xpath://div[@id='ISBN-wrapper']//label[@id='userName-value']'.</msg>
<status status="PASS" starttime="20230425 14:13:53.456" endtime="20230425 14:13:54.482"/>
</kw>
<kw name="Page Should Contain Element" library="SeleniumLibrary">
<arg>${Title_Contain}</arg>
<doc>Verifies that element ``locator`` is found on the current page.</doc>
<msg timestamp="20230425 14:13:55.517" level="INFO">Current page contains element 'xpath://div[@id='title-wrapper']//label[@id='userName-value']'.</msg>
<status status="PASS" starttime="20230425 14:13:54.483" endtime="20230425 14:13:55.517"/>
</kw>
<kw name="Page Should Contain Element" library="SeleniumLibrary">
<arg>${SubTitle_Contain}</arg>
<doc>Verifies that element ``locator`` is found on the current page.</doc>
<msg timestamp="20230425 14:13:56.527" level="INFO">Current page contains element 'xpath://div[@id='subtitle-wrapper']//label[@id='userName-value']'.</msg>
<status status="PASS" starttime="20230425 14:13:55.517" endtime="20230425 14:13:56.527"/>
</kw>
<kw name="Page Should Contain Element" library="SeleniumLibrary">
<arg>${Author_Contain}</arg>
<doc>Verifies that element ``locator`` is found on the current page.</doc>
<msg timestamp="20230425 14:13:57.540" level="INFO">Current page contains element 'xpath://div[@id='author-wrapper']//label[@id='userName-value']'.</msg>
<status status="PASS" starttime="20230425 14:13:56.527" endtime="20230425 14:13:57.540"/>
</kw>
<kw name="Page Should Contain Element" library="SeleniumLibrary">
<arg>${Publisher_Contain}</arg>
<doc>Verifies that element ``locator`` is found on the current page.</doc>
<msg timestamp="20230425 14:13:58.554" level="INFO">Current page contains element 'xpath://div[@id='publisher-wrapper']//label[@id='userName-value']'.</msg>
<status status="PASS" starttime="20230425 14:13:57.540" endtime="20230425 14:13:58.554"/>
</kw>
<kw name="Page Should Contain Element" library="SeleniumLibrary">
<arg>${Totalpages_contain}</arg>
<doc>Verifies that element ``locator`` is found on the current page.</doc>
<msg timestamp="20230425 14:13:59.577" level="INFO">Current page contains element 'xpath://div[@id='pages-wrapper']//label[@id='userName-value']'.</msg>
<status status="PASS" starttime="20230425 14:13:58.554" endtime="20230425 14:13:59.577"/>
</kw>
<kw name="Page Should Contain Element" library="SeleniumLibrary">
<arg>${Description_contain}</arg>
<doc>Verifies that element ``locator`` is found on the current page.</doc>
<msg timestamp="20230425 14:14:00.611" level="INFO">Current page contains element 'xpath://div[@id='description-wrapper']//label[@id='userName-value']'.</msg>
<status status="PASS" starttime="20230425 14:13:59.578" endtime="20230425 14:14:00.611"/>
</kw>
<kw name="Page Should Contain Element" library="SeleniumLibrary">
<arg>${Website_contain}</arg>
<doc>Verifies that element ``locator`` is found on the current page.</doc>
<msg timestamp="20230425 14:14:01.644" level="INFO">Current page contains element 'xpath://div[@id='website-wrapper']//label[@id='userName-value']'.</msg>
<status status="PASS" starttime="20230425 14:14:00.612" endtime="20230425 14:14:01.644"/>
</kw>
<kw name="Page Should Contain Element" library="SeleniumLibrary">
<arg>${backtostore_button}</arg>
<doc>Verifies that element ``locator`` is found on the current page.</doc>
<msg timestamp="20230425 14:14:02.665" level="INFO">Current page contains element 'xpath://button[@id='addNewRecordButton']'.</msg>
<status status="PASS" starttime="20230425 14:14:01.644" endtime="20230425 14:14:02.665"/>
</kw>
<kw name="Page Should Contain Element" library="SeleniumLibrary">
<arg>${details_logout}</arg>
<doc>Verifies that element ``locator`` is found on the current page.</doc>
<msg timestamp="20230425 14:14:03.699" level="INFO">Current page contains element 'xpath://button[@id='submit']'.</msg>
<status status="PASS" starttime="20230425 14:14:02.665" endtime="20230425 14:14:03.699"/>
</kw>
<status status="PASS" starttime="20230425 14:13:45.290" endtime="20230425 14:14:03.700"/>
</kw>
<kw name="Page Should Contain Element" library="SeleniumLibrary">
<arg>${bookstore_username}</arg>
<doc>Verifies that element ``locator`` is found on the current page.</doc>
<msg timestamp="20230425 14:14:04.733" level="INFO">Current page contains element 'xpath://label[@id='userName-label']'.</msg>
<status status="PASS" starttime="20230425 14:14:03.701" endtime="20230425 14:14:04.733"/>
</kw>
<kw name="Get Text" library="SeleniumLibrary">
<var>${page_text_name}</var>
<arg>${fetched_username}</arg>
<doc>Returns the text value of the element identified by ``locator``.</doc>
<msg timestamp="20230425 14:14:06.793" level="INFO">${page_text_name} = jhonmac11</msg>
<status status="PASS" starttime="20230425 14:14:04.734" endtime="20230425 14:14:06.793"/>
</kw>
<kw name="Log To Console" library="BuiltIn">
<arg>${page_text_name}</arg>
<arg>jhonmas11</arg>
<doc>Logs the given message to the console.</doc>
<status status="PASS" starttime="20230425 14:14:06.795" endtime="20230425 14:14:06.796"/>
</kw>
<kw name="Log" library="BuiltIn">
<arg>Successfully Completed verify Register Valid</arg>
<doc>Logs the given message with the given level.</doc>
<msg timestamp="20230425 14:14:06.799" level="INFO">Successfully Completed verify Register Valid</msg>
<status status="PASS" starttime="20230425 14:14:06.798" endtime="20230425 14:14:06.799"/>
</kw>
<doc>This Test Case is used to Verify Login With Valid Passowrd and Valid Username</doc>
<tag>registervalidlogin</tag>
<status status="PASS" starttime="20230425 14:11:59.819" endtime="20230425 14:14:06.800"/>
</test>
<test id="s1-t30" name="Logout and Login Test" line="408">
<kw name="Sleep" library="BuiltIn">
<arg>3s</arg>
<doc>Pauses the test executed for the given time.</doc>
<msg timestamp="20230425 14:14:09.817" level="INFO">Slept 3 seconds</msg>
<status status="PASS" starttime="20230425 14:14:06.805" endtime="20230425 14:14:09.818"/>
</kw>
<kw name="Click Element" library="SeleniumLibrary">
<arg>${details_logout}</arg>
<doc>Click the element identified by ``locator``.</doc>
<msg timestamp="20230425 14:14:09.821" level="INFO">Clicking element 'xpath://button[@id='submit']'.</msg>
<status status="PASS" starttime="20230425 14:14:09.819" endtime="20230425 14:14:11.922"/>
</kw>
<kw name="verify Login Valid">
<doc>This Test Case is used to verify Valid Login</doc>
<kw name="Enter Username" library="bookstore_keywords">
<arg>${txt_username}</arg>
<doc>This Keyword is used to verify usernaame</doc>
<kw name="Wait Until Page Contains Element" library="SeleniumLibrary">
<arg>${bookstore_input_username}</arg>
<doc>Waits until the element ``locator`` appears on the current page.</doc>
<status status="PASS" starttime="20230425 14:14:11.926" endtime="20230425 14:14:12.959"/>
</kw>
<kw name="Input Text" library="SeleniumLibrary">
<arg>id=userName</arg>
<arg>${username}</arg>
<doc>Types the given ``text`` into the text field identified by ``locator``.</doc>
<msg timestamp="20230425 14:14:12.959" level="INFO">Typing text 'jhonmac11' into text field 'id=userName'.</msg>
<status status="PASS" starttime="20230425 14:14:12.959" endtime="20230425 14:14:16.068"/>
</kw>
<status status="PASS" starttime="20230425 14:14:11.925" endtime="20230425 14:14:16.068"/>
</kw>
<kw name="Enter Password" library="bookstore_keywords">
<arg>${txt_password}</arg>
<doc>This Keyword is used to verify Password</doc>
<kw name="Wait Until Page Contains Element" library="SeleniumLibrary">
<arg>${bookstore_input_password}</arg>
<doc>Waits until the element ``locator`` appears on the current page.</doc>
<status status="PASS" starttime="20230425 14:14:16.070" endtime="20230425 14:14:17.099"/>
</kw>
<kw name="Input Text" library="SeleniumLibrary">
<arg>id=password</arg>
<arg>${password}</arg>
<doc>Types the given ``text`` into the text field identified by ``locator``.</doc>
<msg timestamp="20230425 14:14:17.101" level="INFO">Typing text 'Jhonmac@1234' into text field 'id=password'.</msg>
<status status="PASS" starttime="20230425 14:14:17.099" endtime="20230425 14:14:20.256"/>
</kw>
<status status="PASS" starttime="20230425 14:14:16.069" endtime="20230425 14:14:20.256"/>
</kw>
<kw name="Click Element" library="SeleniumLibrary">
<arg>${loginbutton}</arg>
<doc>Click the element identified by ``locator``.</doc>
<msg timestamp="20230425 14:14:20.256" level="INFO">Clicking element 'xpath://button[@id='login']'.</msg>
<status status="PASS" starttime="20230425 14:14:20.256" endtime="20230425 14:14:22.337"/>
</kw>
<status status="PASS" starttime="20230425 14:14:11.924" endtime="20230425 14:14:22.338"/>
</kw>
<kw name="Sleep" library="BuiltIn">
<arg>3s</arg>
<doc>Pauses the test executed for the given time.</doc>
<msg timestamp="20230425 14:14:25.341" level="INFO">Slept 3 seconds</msg>
<status status="PASS" starttime="20230425 14:14:22.339" endtime="20230425 14:14:25.341"/>
</kw>
<kw name="Execute Javascript" library="SeleniumLibrary">
<arg>window.scrollTo(0,250)</arg>
<doc>Executes the given JavaScript code with possible arguments.</doc>
<msg timestamp="20230425 14:14:25.345" level="INFO">Executing JavaScript:
window.scrollTo(0,250)
Without any arguments.</msg>
<status status="PASS" starttime="20230425 14:14:25.343" endtime="20230425 14:14:26.370"/>
</kw>
<kw name="Sleep" library="BuiltIn">
<arg>3s</arg>
<doc>Pauses the test executed for the given time.</doc>
<msg timestamp="20230425 14:14:29.376" level="INFO">Slept 3 seconds</msg>
<status status="PASS" starttime="20230425 14:14:26.370" endtime="20230425 14:14:29.376"/>
</kw>
<kw name="Click Element" library="SeleniumLibrary">
<arg>${delete_icon}</arg>
<doc>Click the element identified by ``locator``.</doc>
<msg timestamp="20230425 14:14:29.379" level="INFO">Clicking element 'xpath://*[@id='delete-record-undefined']'.</msg>
<status status="PASS" starttime="20230425 14:14:29.378" endtime="20230425 14:14:31.497"/>
</kw>
<kw name="Sleep" library="BuiltIn">
<arg>3s</arg>
<doc>Pauses the test executed for the given time.</doc>
<msg timestamp="20230425 14:14:34.501" level="INFO">Slept 3 seconds</msg>
<status status="PASS" starttime="20230425 14:14:31.499" endtime="20230425 14:14:34.501"/>
</kw>
<kw name="Wait Until Page Contains Element" library="SeleniumLibrary">
<arg>${modal_alert}</arg>
<doc>Waits until the element ``locator`` appears on the current page.</doc>
<status status="PASS" starttime="20230425 14:14:34.503" endtime="20230425 14:14:35.519"/>
</kw>
<kw name="Click Element" library="SeleniumLibrary">
<arg>${modal_ok}</arg>
<doc>Click the element identified by ``locator``.</doc>
<msg timestamp="20230425 14:14:35.524" level="INFO">Clicking element 'xpath://div[@class='modal-content']/div/button[@id='closeSmallModal-ok']'.</msg>
<status status="PASS" starttime="20230425 14:14:35.522" endtime="20230425 14:14:37.607"/>
</kw>
<kw name="Sleep" library="BuiltIn">
<arg>3s</arg>
<doc>Pauses the test executed for the given time.</doc>
<msg timestamp="20230425 14:14:40.616" level="INFO">Slept 3 seconds</msg>
<status status="PASS" starttime="20230425 14:14:37.607" endtime="20230425 14:14:40.616"/>
</kw>
<kw name="Handle Alert" library="SeleniumLibrary">
<arg>action=ACCEPT</arg>
<doc>Handles the current alert and returns its message.</doc>
<msg timestamp="20230425 14:14:40.617" level="INFO">HANDLE::&lt;class 'NoneType'&gt;::None</msg>
<status status="PASS" starttime="20230425 14:14:40.616" endtime="20230425 14:14:43.654"/>
</kw>
<kw name="Click Button" library="SeleniumLibrary">
<arg>${delete_all_books}</arg>
<doc>Clicks the button identified by ``locator``.</doc>
<msg timestamp="20230425 14:14:43.658" level="INFO">Clicking button 'xpath://div[@class='text-right button di']//button[@id='submit']'.</msg>
<status status="PASS" starttime="20230425 14:14:43.656" endtime="20230425 14:14:48.849"/>
</kw>
<kw name="Wait Until Page Contains Element" library="SeleniumLibrary">
<arg>${modal_alert}</arg>
<doc>Waits until the element ``locator`` appears on the current page.</doc>
<status status="PASS" starttime="20230425 14:14:48.851" endtime="20230425 14:14:49.869"/>
</kw>
<kw name="Click Element" library="SeleniumLibrary">
<arg>${modal_ok}</arg>
<doc>Click the element identified by ``locator``.</doc>
<msg timestamp="20230425 14:14:49.873" level="INFO">Clicking element 'xpath://div[@class='modal-content']/div/button[@id='closeSmallModal-ok']'.</msg>
<status status="PASS" starttime="20230425 14:14:49.871" endtime="20230425 14:14:51.966"/>
</kw>
<kw name="Sleep" library="BuiltIn">
<arg>3s</arg>
<doc>Pauses the test executed for the given time.</doc>
<msg timestamp="20230425 14:14:54.979" level="INFO">Slept 3 seconds</msg>
<status status="PASS" starttime="20230425 14:14:51.967" endtime="20230425 14:14:54.979"/>
</kw>
<kw name="Handle Alert" library="SeleniumLibrary">
<arg>action=ACCEPT</arg>
<doc>Handles the current alert and returns its message.</doc>
<msg timestamp="20230425 14:14:54.982" level="INFO">HANDLE::&lt;class 'NoneType'&gt;::None</msg>
<status status="PASS" starttime="20230425 14:14:54.981" endtime="20230425 14:14:58.022"/>
</kw>
<kw name="Log" library="BuiltIn">
<arg>Successfully Completed Logout and Login</arg>
<doc>Logs the given message with the given level.</doc>
<msg timestamp="20230425 14:14:58.025" level="INFO">Successfully Completed Logout and Login</msg>
<status status="PASS" starttime="20230425 14:14:58.025" endtime="20230425 14:14:58.025"/>
</kw>
<kw name="Close Browser" library="SeleniumLibrary">
<doc>Closes the current browser.</doc>
<status status="PASS" starttime="20230425 14:14:58.027" endtime="20230425 14:15:01.109"/>
</kw>
<doc>This Test Case is used to verify Logout and Login</doc>
<tag>logoutandlogin</tag>
<status status="PASS" starttime="20230425 14:14:06.804" endtime="20230425 14:15:01.111"/>
</test>
<status status="FAIL" starttime="20230425 14:00:37.793" endtime="20230425 14:15:01.116"/>
</suite>
<statistics>
<total>
<stat pass="29" fail="1" skip="0">All Tests</stat>
</total>
<tag>
<stat pass="1" fail="0" skip="0">alert</stat>
<stat pass="1" fail="0" skip="0">bookstore</stat>
<stat pass="1" fail="0" skip="0">bookstoretest</stat>
<stat pass="1" fail="0" skip="0">checkbox</stat>
<stat pass="1" fail="0" skip="0">elements</stat>
<stat pass="1" fail="0" skip="0">forms</stat>
<stat pass="1" fail="0" skip="0">interactions</stat>
<stat pass="8" fail="0" skip="0">logingtest</stat>
<stat pass="1" fail="0" skip="0">logoutandlogin</stat>
<stat pass="1" fail="0" skip="0">radiobutton</stat>
<stat pass="1" fail="0" skip="0">register</stat>
<stat pass="1" fail="0" skip="0">registerTestcatcha</stat>
<stat pass="0" fail="1" skip="0">registerTestPassword</stat>
<stat pass="5" fail="0" skip="0">registerTestValid</stat>
<stat pass="1" fail="0" skip="0">registervalid</stat>
<stat pass="1" fail="0" skip="0">registervalidlogin</stat>
<stat pass="1" fail="0" skip="0">starttest</stat>
<stat pass="1" fail="0" skip="0">textbox</stat>
<stat pass="1" fail="0" skip="0">widgets</stat>
</tag>
<suite>
<stat pass="29" fail="1" skip="0" id="s1" name="Demoqa Sitecheck">Demoqa Sitecheck</stat>
</suite>
</statistics>
<errors>
</errors>
</robot>
