<?xml version="1.0" encoding="UTF-8"?>
<robot generator="Robot 6.0.2 (Python 3.10.7 on win32)" generated="20230419 22:40:39.510" rpa="false" schemaversion="3">
<suite id="s1" name="Demoqa Sitecheck" source="D:\PycharmProjects\testing\project\demoqa\Test_cases\demoqa_sitecheck.robot">
<test id="s1-t1" name="Verify BookStore Test" line="142">
<kw name="Start Browser and Maximize" library="Commonkeywords">
<arg>${siteurl}</arg>
<arg>${browser}</arg>
<doc>This keyword is used for start browser and maximize its window</doc>
<kw name="Open Browser" library="SeleniumLibrary">
<arg>${siteurl}</arg>
<arg>${browser}</arg>
<doc>Opens a new browser instance to the optional ``url``.</doc>
<msg timestamp="20230419 22:40:39.850" level="INFO">Opening browser 'chrome' to base url 'https://demoqa.com/'.</msg>
<status status="PASS" starttime="20230419 22:40:39.850" endtime="20230419 22:40:50.197"/>
</kw>
<kw name="Maximize Browser Window" library="SeleniumLibrary">
<doc>Maximizes current browser window.</doc>
<status status="PASS" starttime="20230419 22:40:50.197" endtime="20230419 22:40:50.330"/>
</kw>
<kw name="Get Title" library="SeleniumLibrary">
<var>${Title}</var>
<doc>Returns the title of the current page.</doc>
<msg timestamp="20230419 22:40:50.335" level="INFO">${Title} = DEMOQA</msg>
<status status="PASS" starttime="20230419 22:40:50.330" endtime="20230419 22:40:50.335"/>
</kw>
<kw name="Log To Console" library="BuiltIn">
<arg>${Title}</arg>
<doc>Logs the given message to the console.</doc>
<status status="PASS" starttime="20230419 22:40:50.336" endtime="20230419 22:40:50.336"/>
</kw>
<kw name="Should Be Equal As Strings" library="BuiltIn">
<arg>${Title}</arg>
<arg>DEMOQA</arg>
<doc>Fails if objects are unequal after converting them to strings.</doc>
<status status="PASS" starttime="20230419 22:40:50.336" endtime="20230419 22:40:50.336"/>
</kw>
<status status="PASS" starttime="20230419 22:40:39.849" endtime="20230419 22:40:50.337"/>
</kw>
<kw name="Click Element" library="SeleniumLibrary">
<arg>${bookstore_card}</arg>
<doc>Click the element identified by ``locator``.</doc>
<msg timestamp="20230419 22:40:50.337" level="INFO">Clicking element 'xpath://div[@class='category-cards']/div[6]'.</msg>
<status status="PASS" starttime="20230419 22:40:50.337" endtime="20230419 22:40:50.419"/>
</kw>
<kw name="Verify BookStore testing" library="bookstore_keywords">
<kw name="Get Location" library="SeleniumLibrary">
<var>${url}</var>
<doc>Returns the current browser window URL.</doc>
<msg timestamp="20230419 22:40:50.425" level="INFO">${url} = https://demoqa.com/books</msg>
<status status="PASS" starttime="20230419 22:40:50.420" endtime="20230419 22:40:50.425"/>
</kw>
<kw name="Should Be Equal As Strings" library="BuiltIn">
<arg>${url}</arg>
<arg>https://demoqa.com/books</arg>
<doc>Fails if objects are unequal after converting them to strings.</doc>
<status status="PASS" starttime="20230419 22:40:50.425" endtime="20230419 22:40:50.426"/>
</kw>
<kw name="Tools Image" library="Commonkeywords">
<doc>This keyword is used to verify Tools Image</doc>
<kw name="Sleep" library="BuiltIn">
<arg>3s</arg>
<doc>Pauses the test executed for the given time.</doc>
<msg timestamp="20230419 22:40:53.439" level="INFO">Slept 3 seconds</msg>
<status status="PASS" starttime="20230419 22:40:50.426" endtime="20230419 22:40:53.439"/>
</kw>
<kw name="Capture Element Screenshot" library="SeleniumLibrary">
<arg>${toolsimage_screenshot}</arg>
<doc>Captures a screenshot from the element identified by ``locator`` and embeds it into log file.</doc>
<msg timestamp="20230419 22:40:53.575" level="INFO" html="true">&lt;/td&gt;&lt;/tr&gt;&lt;tr&gt;&lt;td colspan="3"&gt;&lt;a href="selenium-element-screenshot-1.png"&gt;&lt;img src="selenium-element-screenshot-1.png" width="400px"&gt;&lt;/a&gt;</msg>
<status status="PASS" starttime="20230419 22:40:53.439" endtime="20230419 22:40:53.575"/>
</kw>
<kw name="Page Should Contain Element" library="SeleniumLibrary">
<arg>${tools_img}</arg>
<doc>Verifies that element ``locator`` is found on the current page.</doc>
<msg timestamp="20230419 22:40:53.583" level="INFO">Current page contains element 'xpath://img[@src='/images/Toolsqa.jpg']'.</msg>
<status status="PASS" starttime="20230419 22:40:53.575" endtime="20230419 22:40:53.583"/>
</kw>
<status status="PASS" starttime="20230419 22:40:50.426" endtime="20230419 22:40:53.583"/>
</kw>
<kw name="Get Text" library="SeleniumLibrary">
<var>${page_text_name}</var>
<arg>${page_text}</arg>
<doc>Returns the text value of the element identified by ``locator``.</doc>
<msg timestamp="20230419 22:40:53.611" level="INFO">${page_text_name} = Book Store</msg>
<status status="PASS" starttime="20230419 22:40:53.584" endtime="20230419 22:40:53.611"/>
</kw>
<kw name="Log To Console" library="BuiltIn">
<arg>${page_text_name}</arg>
<arg>Book Store</arg>
<doc>Logs the given message to the console.</doc>
<status status="PASS" starttime="20230419 22:40:53.611" endtime="20230419 22:40:53.612"/>
</kw>
<kw name="Input Text" library="SeleniumLibrary">
<arg>id=searchBox</arg>
<arg>Speaking JavaScript</arg>
<doc>Types the given ``text`` into the text field identified by ``locator``.</doc>
<msg timestamp="20230419 22:40:53.612" level="INFO">Typing text 'Speaking JavaScript' into text field 'id=searchBox'.</msg>
<status status="PASS" starttime="20230419 22:40:53.612" endtime="20230419 22:40:53.814"/>
</kw>
<kw name="Sleep" library="BuiltIn">
<arg>3s</arg>
<doc>Pauses the test executed for the given time.</doc>
<status status="FAIL" starttime="20230419 22:40:53.814" endtime="20230419 22:40:56.797"/>
</kw>
<kw name="Click Element" library="SeleniumLibrary">
<arg>${search_book}</arg>
<doc>Click the element identified by ``locator``.</doc>
<status status="NOT RUN" starttime="20230419 22:40:56.798" endtime="20230419 22:40:56.798"/>
</kw>
<kw name="Click Element" library="SeleniumLibrary">
<arg>${booklink}</arg>
<doc>Click the element identified by ``locator``.</doc>
<status status="NOT RUN" starttime="20230419 22:40:56.798" endtime="20230419 22:40:56.798"/>
</kw>
<kw name="Get Location" library="SeleniumLibrary">
<var>${bookdetailsurl}</var>
<doc>Returns the current browser window URL.</doc>
<status status="NOT RUN" starttime="20230419 22:40:56.798" endtime="20230419 22:40:56.798"/>
</kw>
<kw name="Should Be Equal As Strings" library="BuiltIn">
<arg>${bookdetailsurl}</arg>
<arg>https://demoqa.com/books?book=9781449365035</arg>
<doc>Fails if objects are unequal after converting them to strings.</doc>
<status status="NOT RUN" starttime="20230419 22:40:56.798" endtime="20230419 22:40:56.799"/>
</kw>
<kw name="Book Details Page Shlould Contains" library="bookstore_keywords">
<status status="NOT RUN" starttime="20230419 22:40:56.799" endtime="20230419 22:40:56.799"/>
</kw>
<kw name="Click Element" library="SeleniumLibrary">
<arg>${loginbutton}</arg>
<doc>Click the element identified by ``locator``.</doc>
<status status="NOT RUN" starttime="20230419 22:40:56.799" endtime="20230419 22:40:56.799"/>
</kw>
<status status="FAIL" starttime="20230419 22:40:50.419" endtime="20230419 22:40:56.799"/>
</kw>
<kw name="Click Book Login Page Should Include" library="bookstore_keywords">
<status status="NOT RUN" starttime="20230419 22:40:56.799" endtime="20230419 22:40:56.800"/>
</kw>
<kw name="Enter Username" library="bookstore_keywords">
<arg>hghg</arg>
<status status="NOT RUN" starttime="20230419 22:40:56.800" endtime="20230419 22:40:56.800"/>
</kw>
<kw name="Enter Password" library="bookstore_keywords">
<arg>hgfh</arg>
<status status="NOT RUN" starttime="20230419 22:40:56.800" endtime="20230419 22:40:56.800"/>
</kw>
<kw name="Click loginSubmit" library="bookstore_keywords">
<status status="NOT RUN" starttime="20230419 22:40:56.800" endtime="20230419 22:40:56.800"/>
</kw>
<kw name="Error Message For login" library="bookstore_keywords">
<arg>${login_error}</arg>
<status status="NOT RUN" starttime="20230419 22:40:56.800" endtime="20230419 22:40:56.801"/>
</kw>
<kw name="Log" library="BuiltIn">
<arg>Successfully Completed Verify BookStore Test</arg>
<doc>Logs the given message with the given level.</doc>
<status status="NOT RUN" starttime="20230419 22:40:56.801" endtime="20230419 22:40:56.801"/>
</kw>
<tag>bookstoretest</tag>
<status status="FAIL" starttime="20230419 22:40:39.848" endtime="20230419 22:40:56.801">Execution terminated by signal</status>
</test>
<test id="s1-t2" name="verify newuser" line="155">
<tag>register</tag>
<tag>robot:exit</tag>
<status status="FAIL" starttime="20230419 22:40:56.802" endtime="20230419 22:40:56.803">Test execution stopped due to a fatal error.</status>
</test>
<test id="s1-t3" name="verify Register Valid" line="181">
<tag>register</tag>
<tag>robot:exit</tag>
<status status="FAIL" starttime="20230419 22:40:56.803" endtime="20230419 22:40:56.803">Test execution stopped due to a fatal error.</status>
</test>
<test id="s1-t4" name="Logout and Login" line="212">
<tag>logoutandlogin</tag>
<tag>robot:exit</tag>
<status status="FAIL" starttime="20230419 22:40:56.804" endtime="20230419 22:40:56.804">Test execution stopped due to a fatal error.</status>
</test>
<status status="FAIL" starttime="20230419 22:40:39.525" endtime="20230419 22:40:56.804"/>
</suite>
<statistics>
<total>
<stat pass="0" fail="4" skip="0">All Tests</stat>
</total>
<tag>
<stat pass="0" fail="1" skip="0" info="combined" combined="NOT robot:exit">NOT robot:exit</stat>
<stat pass="0" fail="1" skip="0">bookstoretest</stat>
<stat pass="0" fail="1" skip="0">logoutandlogin</stat>
<stat pass="0" fail="2" skip="0">register</stat>
</tag>
<suite>
<stat pass="0" fail="4" skip="0" id="s1" name="Demoqa Sitecheck">Demoqa Sitecheck</stat>
</suite>
</statistics>
<errors>
</errors>
</robot>
